{"numFailedTestSuites":1,"numFailedTests":2,"numPassedTestSuites":0,"numPassedTests":2,"numPendingTestSuites":0,"numPendingTests":0,"numRuntimeErrorTestSuites":0,"numTodoTests":0,"numTotalTestSuites":1,"numTotalTests":4,"openHandles":[],"snapshot":{"added":0,"didUpdate":false,"failure":false,"filesAdded":0,"filesRemoved":0,"filesRemovedList":[],"filesUnmatched":0,"filesUpdated":0,"matched":0,"total":0,"unchecked":0,"uncheckedKeysByFile":[],"unmatched":0,"updated":0},"startTime":1772618973352,"success":false,"testResults":[{"assertionResults":[{"ancestorTitles":["S9 Penetration Test Simulation"],"duration":285,"failing":false,"failureDetails":[],"failureMessages":[],"fullName":"S9 Penetration Test Simulation runs OWASP ZAP baseline/full scans if tools are installed and stores report","invocations":1,"location":null,"numPassingAsserts":1,"retryReasons":[],"startAt":1772619014572,"status":"passed","title":"runs OWASP ZAP baseline/full scans if tools are installed and stores report"},{"ancestorTitles":["S9 Penetration Test Simulation"],"duration":92294,"failing":false,"failureDetails":[{"matcherResult":{"actual":["POST /api/pmc/applicant-detail/ => 500 for payload random-string-1-len-968","POST /api/pmc/applicant-detail/ => 500 for payload random-string-2-len-4598","POST /api/pmc/applicant-detail/ => 500 for payload random-string-3-len-3229","POST /api/pmc/applicant-detail/ => 500 for payload random-string-4-len-1084","POST /api/pmc/applicant-detail/ => 500 for payload random-string-5-len-1437","POST /api/pmc/applicant-detail/ => 500 for payload random-string-6-len-930","POST /api/pmc/applicant-detail/ => 500 for payload random-string-7-len-792","POST /api/pmc/applicant-detail/ => 500 for payload random-string-8-len-4793","POST /api/pmc/applicant-detail/ => 500 for payload random-string-9-len-4538","POST /api/pmc/applicant-detail/ => 500 for payload random-string-10-len-2949","POST /api/pmc/applicant-detail/ => 500 for payload random-string-11-len-2549","POST /api/pmc/applicant-detail/ => 500 for payload random-string-12-len-253","POST /api/pmc/applicant-detail/ => 500 for payload random-string-13-len-1403","POST /api/pmc/applicant-detail/ => 500 for payload random-string-14-len-3756","POST /api/pmc/applicant-detail/ => 500 for payload random-string-15-len-4678","POST /api/pmc/applicant-detail/ => 500 for payload random-string-16-len-3209","POST /api/pmc/applicant-detail/ => 500 for payload random-string-17-len-2874","POST /api/pmc/applicant-detail/ => 500 for payload random-string-18-len-4576","POST /api/pmc/applicant-detail/ => 500 for payload random-string-19-len-1874","POST /api/pmc/applicant-detail/ => 500 for payload random-string-20-len-2585","POST /api/pmc/applicant-detail/ => 500 for payload random-string-21-len-1540","POST /api/pmc/applicant-detail/ => 500 for payload random-string-22-len-222","POST /api/pmc/applicant-detail/ => 500 for payload random-string-23-len-2144","POST /api/pmc/applicant-detail/ => 500 for payload random-string-24-len-3553","POST /api/pmc/applicant-detail/ => 500 for payload random-string-25-len-4876","POST /api/pmc/applicant-detail/ => 500 for payload random-string-26-len-3500","POST /api/pmc/applicant-detail/ => 500 for payload random-string-27-len-2789","POST /api/pmc/applicant-detail/ => 500 for payload random-string-28-len-4632","POST /api/pmc/applicant-detail/ => 500 for payload random-string-29-len-4886","POST /api/pmc/applicant-detail/ => 500 for payload random-string-30-len-2190","POST /api/pmc/applicant-detail/ => 500 for payload random-string-31-len-2394","POST /api/pmc/applicant-detail/ => 500 for payload random-string-32-len-4743","POST /api/pmc/applicant-detail/ => 500 for payload random-string-33-len-2322","POST /api/pmc/applicant-detail/ => 500 for payload random-string-34-len-3170","POST /api/pmc/applicant-detail/ => 500 for payload random-string-35-len-3285","POST /api/pmc/applicant-detail/ => 500 for payload random-string-36-len-1753","POST /api/pmc/applicant-detail/ => 500 for payload random-string-37-len-2266","POST /api/pmc/applicant-detail/ => 500 for payload random-string-38-len-4851","POST /api/pmc/applicant-detail/ => 500 for payload random-string-39-len-4739","POST /api/pmc/applicant-detail/ => 500 for payload random-string-40-len-3679","POST /api/pmc/applicant-detail/ => 500 for payload random-string-41-len-3027","POST /api/pmc/applicant-detail/ => 500 for payload random-string-42-len-7","POST /api/pmc/applicant-detail/ => 500 for payload random-string-43-len-2216","POST /api/pmc/applicant-detail/ => 500 for payload random-string-44-len-4691","POST /api/pmc/applicant-detail/ => 500 for payload random-string-45-len-2880","POST /api/pmc/applicant-detail/ => 500 for payload random-string-46-len-246","POST /api/pmc/applicant-detail/ => 500 for payload random-string-47-len-3484","POST /api/pmc/applicant-detail/ => 500 for payload random-string-48-len-4821","POST /api/pmc/applicant-detail/ => 500 for payload random-string-49-len-4802","POST /api/pmc/applicant-detail/ => 500 for payload random-string-50-len-174","POST /api/pmc/applicant-detail/ => 500 for payload special-characters","POST /api/pmc/applicant-detail/ => 500 for payload unicode-mixed","POST /api/pmc/applicant-detail/ => 500 for payload null-value","POST /api/pmc/applicant-detail/ => 500 for payload empty-array","POST /api/pmc/applicant-detail/ => 500 for payload empty-object","POST /api/pmc/applicant-detail/ => 500 for payload zero-number","POST /api/pmc/applicant-detail/ => 500 for payload negative-number","POST /api/pmc/applicant-detail/ => 500 for payload boolean-true","POST /api/pmc/applicant-detail/ => 500 for payload boolean-false","POST /api/pmc/applicant-detail/ => 500 for payload undefined-simulated","POST /api/pmc/application-assignment/ => 500 for payload random-string-1-len-968","POST /api/pmc/application-assignment/ => 500 for payload random-string-2-len-4598","POST /api/pmc/application-assignment/ => 500 for payload random-string-3-len-3229","POST /api/pmc/application-assignment/ => 500 for payload random-string-4-len-1084","POST /api/pmc/application-assignment/ => 500 for payload random-string-5-len-1437","POST /api/pmc/application-assignment/ => 500 for payload random-string-6-len-930","POST /api/pmc/application-assignment/ => 500 for payload random-string-7-len-792","POST /api/pmc/application-assignment/ => 500 for payload random-string-8-len-4793","POST /api/pmc/application-assignment/ => 500 for payload random-string-9-len-4538","POST /api/pmc/application-assignment/ => 500 for payload random-string-10-len-2949","POST /api/pmc/application-assignment/ => 500 for payload random-string-11-len-2549","POST /api/pmc/application-assignment/ => 500 for payload random-string-12-len-253","POST /api/pmc/application-assignment/ => 500 for payload random-string-13-len-1403","POST /api/pmc/application-assignment/ => 500 for payload random-string-14-len-3756","POST /api/pmc/application-assignment/ => 500 for payload random-string-15-len-4678","POST /api/pmc/application-assignment/ => 500 for payload random-string-16-len-3209","POST /api/pmc/application-assignment/ => 500 for payload random-string-17-len-2874","POST /api/pmc/application-assignment/ => 500 for payload random-string-18-len-4576","POST /api/pmc/application-assignment/ => 500 for payload random-string-19-len-1874","POST /api/pmc/application-assignment/ => 500 for payload random-string-20-len-2585","POST /api/pmc/application-assignment/ => 500 for payload random-string-21-len-1540","POST /api/pmc/application-assignment/ => 500 for payload random-string-22-len-222","POST /api/pmc/application-assignment/ => 500 for payload random-string-23-len-2144","POST /api/pmc/application-assignment/ => 500 for payload random-string-24-len-3553","POST /api/pmc/application-assignment/ => 500 for payload random-string-25-len-4876","POST /api/pmc/application-assignment/ => 500 for payload random-string-26-len-3500","POST /api/pmc/application-assignment/ => 500 for payload random-string-27-len-2789","POST /api/pmc/application-assignment/ => 500 for payload random-string-28-len-4632","POST /api/pmc/application-assignment/ => 500 for payload random-string-29-len-4886","POST /api/pmc/application-assignment/ => 500 for payload random-string-30-len-2190","POST /api/pmc/application-assignment/ => 500 for payload random-string-31-len-2394","POST /api/pmc/application-assignment/ => 500 for payload random-string-32-len-4743","POST /api/pmc/application-assignment/ => 500 for payload random-string-33-len-2322","POST /api/pmc/application-assignment/ => 500 for payload random-string-34-len-3170","POST /api/pmc/application-assignment/ => 500 for payload random-string-35-len-3285","POST /api/pmc/application-assignment/ => 500 for payload random-string-36-len-1753","POST /api/pmc/application-assignment/ => 500 for payload random-string-37-len-2266","POST /api/pmc/application-assignment/ => 500 for payload random-string-38-len-4851","POST /api/pmc/application-assignment/ => 500 for payload random-string-39-len-4739","POST /api/pmc/application-assignment/ => 500 for payload random-string-40-len-3679","POST /api/pmc/application-assignment/ => 500 for payload random-string-41-len-3027","POST /api/pmc/application-assignment/ => 500 for payload random-string-42-len-7","POST /api/pmc/application-assignment/ => 500 for payload random-string-43-len-2216","POST /api/pmc/application-assignment/ => 500 for payload random-string-44-len-4691","POST /api/pmc/application-assignment/ => 500 for payload random-string-45-len-2880","POST /api/pmc/application-assignment/ => 500 for payload random-string-46-len-246","POST /api/pmc/application-assignment/ => 500 for payload random-string-47-len-3484","POST /api/pmc/application-assignment/ => 500 for payload random-string-48-len-4821","POST /api/pmc/application-assignment/ => 500 for payload random-string-49-len-4802","POST /api/pmc/application-assignment/ => 500 for payload random-string-50-len-174","POST /api/pmc/application-assignment/ => 500 for payload special-characters","POST /api/pmc/application-assignment/ => 500 for payload unicode-mixed","POST /api/pmc/application-assignment/ => 500 for payload null-value","POST /api/pmc/application-assignment/ => 500 for payload empty-array","POST /api/pmc/application-assignment/ => 500 for payload empty-object","POST /api/pmc/application-assignment/ => 500 for payload zero-number","POST /api/pmc/application-assignment/ => 500 for payload negative-number","POST /api/pmc/application-assignment/ => 500 for payload boolean-true","POST /api/pmc/application-assignment/ => 500 for payload boolean-false","POST /api/pmc/application-assignment/ => 500 for payload undefined-simulated","POST /api/pmc/business-profiles/ => 500 for payload random-string-1-len-968","POST /api/pmc/business-profiles/ => 500 for payload random-string-2-len-4598","POST /api/pmc/business-profiles/ => 500 for payload random-string-3-len-3229","POST /api/pmc/business-profiles/ => 500 for payload random-string-4-len-1084","POST /api/pmc/business-profiles/ => 500 for payload random-string-5-len-1437","POST /api/pmc/business-profiles/ => 500 for payload random-string-6-len-930","POST /api/pmc/business-profiles/ => 500 for payload random-string-7-len-792","POST /api/pmc/business-profiles/ => 500 for payload random-string-8-len-4793","POST /api/pmc/business-profiles/ => 500 for payload random-string-9-len-4538","POST /api/pmc/business-profiles/ => 500 for payload random-string-10-len-2949","POST /api/pmc/business-profiles/ => 500 for payload random-string-11-len-2549","POST /api/pmc/business-profiles/ => 500 for payload random-string-12-len-253","POST /api/pmc/business-profiles/ => 500 for payload random-string-13-len-1403","POST /api/pmc/business-profiles/ => 500 for payload random-string-14-len-3756","POST /api/pmc/business-profiles/ => 500 for payload random-string-15-len-4678","POST /api/pmc/business-profiles/ => 500 for payload random-string-16-len-3209","POST /api/pmc/business-profiles/ => 500 for payload random-string-17-len-2874","POST /api/pmc/business-profiles/ => 500 for payload random-string-18-len-4576","POST /api/pmc/business-profiles/ => 500 for payload random-string-19-len-1874","POST /api/pmc/business-profiles/ => 500 for payload random-string-20-len-2585","POST /api/pmc/business-profiles/ => 500 for payload random-string-21-len-1540","POST /api/pmc/business-profiles/ => 500 for payload random-string-22-len-222","POST /api/pmc/business-profiles/ => 500 for payload random-string-23-len-2144","POST /api/pmc/business-profiles/ => 500 for payload random-string-24-len-3553","POST /api/pmc/business-profiles/ => 500 for payload random-string-25-len-4876","POST /api/pmc/business-profiles/ => 500 for payload random-string-26-len-3500","POST /api/pmc/business-profiles/ => 500 for payload random-string-27-len-2789","POST /api/pmc/business-profiles/ => 500 for payload random-string-28-len-4632","POST /api/pmc/business-profiles/ => 500 for payload random-string-29-len-4886","POST /api/pmc/business-profiles/ => 500 for payload random-string-30-len-2190","POST /api/pmc/business-profiles/ => 500 for payload random-string-31-len-2394","POST /api/pmc/business-profiles/ => 500 for payload random-string-32-len-4743","POST /api/pmc/business-profiles/ => 500 for payload random-string-33-len-2322","POST /api/pmc/business-profiles/ => 500 for payload random-string-34-len-3170","POST /api/pmc/business-profiles/ => 500 for payload random-string-35-len-3285","POST /api/pmc/business-profiles/ => 500 for payload random-string-36-len-1753","POST /api/pmc/business-profiles/ => 500 for payload random-string-37-len-2266","POST /api/pmc/business-profiles/ => 500 for payload random-string-38-len-4851","POST /api/pmc/business-profiles/ => 500 for payload random-string-39-len-4739","POST /api/pmc/business-profiles/ => 500 for payload random-string-40-len-3679","POST /api/pmc/business-profiles/ => 500 for payload random-string-41-len-3027","POST /api/pmc/business-profiles/ => 500 for payload random-string-42-len-7","POST /api/pmc/business-profiles/ => 500 for payload random-string-43-len-2216","POST /api/pmc/business-profiles/ => 500 for payload random-string-44-len-4691","POST /api/pmc/business-profiles/ => 500 for payload random-string-45-len-2880","POST /api/pmc/business-profiles/ => 500 for payload random-string-46-len-246","POST /api/pmc/business-profiles/ => 500 for payload random-string-47-len-3484","POST /api/pmc/business-profiles/ => 500 for payload random-string-48-len-4821","POST /api/pmc/business-profiles/ => 500 for payload random-string-49-len-4802","POST /api/pmc/business-profiles/ => 500 for payload random-string-50-len-174","POST /api/pmc/business-profiles/ => 500 for payload special-characters","POST /api/pmc/business-profiles/ => 500 for payload unicode-mixed","POST /api/pmc/business-profiles/ => 500 for payload null-value","POST /api/pmc/business-profiles/ => 500 for payload empty-array","POST /api/pmc/business-profiles/ => 500 for payload empty-object","POST /api/pmc/business-profiles/ => 500 for payload zero-number","POST /api/pmc/business-profiles/ => 500 for payload negative-number","POST /api/pmc/business-profiles/ => 500 for payload boolean-true","POST /api/pmc/business-profiles/ => 500 for payload boolean-false","POST /api/pmc/business-profiles/ => 500 for payload undefined-simulated","POST /api/pmc/by-products/ => 500 for payload random-string-1-len-968","POST /api/pmc/by-products/ => 500 for payload random-string-2-len-4598","POST /api/pmc/by-products/ => 500 for payload random-string-3-len-3229","POST /api/pmc/by-products/ => 500 for payload random-string-4-len-1084","POST /api/pmc/by-products/ => 500 for payload random-string-5-len-1437","POST /api/pmc/by-products/ => 500 for payload random-string-6-len-930","POST /api/pmc/by-products/ => 500 for payload random-string-7-len-792","POST /api/pmc/by-products/ => 500 for payload random-string-8-len-4793","POST /api/pmc/by-products/ => 500 for payload random-string-9-len-4538","POST /api/pmc/by-products/ => 500 for payload random-string-10-len-2949","POST /api/pmc/by-products/ => 500 for payload random-string-11-len-2549","POST /api/pmc/by-products/ => 500 for payload random-string-12-len-253","POST /api/pmc/by-products/ => 500 for payload random-string-13-len-1403","POST /api/pmc/by-products/ => 500 for payload random-string-14-len-3756","POST /api/pmc/by-products/ => 500 for payload random-string-15-len-4678","POST /api/pmc/by-products/ => 500 for payload random-string-16-len-3209","POST /api/pmc/by-products/ => 500 for payload random-string-17-len-2874","POST /api/pmc/by-products/ => 500 for payload random-string-18-len-4576","POST /api/pmc/by-products/ => 500 for payload random-string-19-len-1874","POST /api/pmc/by-products/ => 500 for payload random-string-20-len-2585","POST /api/pmc/by-products/ => 500 for payload random-string-21-len-1540","POST /api/pmc/by-products/ => 500 for payload random-string-22-len-222","POST /api/pmc/by-products/ => 500 for payload random-string-23-len-2144","POST /api/pmc/by-products/ => 500 for payload random-string-24-len-3553","POST /api/pmc/by-products/ => 500 for payload random-string-25-len-4876","POST /api/pmc/by-products/ => 500 for payload random-string-26-len-3500","POST /api/pmc/by-products/ => 500 for payload random-string-27-len-2789","POST /api/pmc/by-products/ => 500 for payload random-string-28-len-4632","POST /api/pmc/by-products/ => 500 for payload random-string-29-len-4886","POST /api/pmc/by-products/ => 500 for payload random-string-30-len-2190","POST /api/pmc/by-products/ => 500 for payload random-string-31-len-2394","POST /api/pmc/by-products/ => 500 for payload random-string-32-len-4743","POST /api/pmc/by-products/ => 500 for payload random-string-33-len-2322","POST /api/pmc/by-products/ => 500 for payload random-string-34-len-3170","POST /api/pmc/by-products/ => 500 for payload random-string-35-len-3285","POST /api/pmc/by-products/ => 500 for payload random-string-36-len-1753","POST /api/pmc/by-products/ => 500 for payload random-string-37-len-2266","POST /api/pmc/by-products/ => 500 for payload random-string-38-len-4851","POST /api/pmc/by-products/ => 500 for payload random-string-39-len-4739","POST /api/pmc/by-products/ => 500 for payload random-string-40-len-3679","POST /api/pmc/by-products/ => 500 for payload random-string-41-len-3027","POST /api/pmc/by-products/ => 500 for payload random-string-42-len-7","POST /api/pmc/by-products/ => 500 for payload random-string-43-len-2216","POST /api/pmc/by-products/ => 500 for payload random-string-44-len-4691","POST /api/pmc/by-products/ => 500 for payload random-string-45-len-2880","POST /api/pmc/by-products/ => 500 for payload random-string-46-len-246","POST /api/pmc/by-products/ => 500 for payload random-string-47-len-3484","POST /api/pmc/by-products/ => 500 for payload random-string-48-len-4821","POST /api/pmc/by-products/ => 500 for payload random-string-49-len-4802","POST /api/pmc/by-products/ => 500 for payload random-string-50-len-174","POST /api/pmc/by-products/ => 500 for payload special-characters","POST /api/pmc/by-products/ => 500 for payload unicode-mixed","POST /api/pmc/by-products/ => 500 for payload null-value","POST /api/pmc/by-products/ => 500 for payload empty-array","POST /api/pmc/by-products/ => 500 for payload empty-object","POST /api/pmc/by-products/ => 500 for payload zero-number","POST /api/pmc/by-products/ => 500 for payload negative-number","POST /api/pmc/by-products/ => 500 for payload boolean-true","POST /api/pmc/by-products/ => 500 for payload boolean-false","POST /api/pmc/by-products/ => 500 for payload undefined-simulated","POST /api/pmc/collectors/ => 500 for payload random-string-1-len-968","POST /api/pmc/collectors/ => 500 for payload random-string-2-len-4598","POST /api/pmc/collectors/ => 500 for payload random-string-3-len-3229","POST /api/pmc/collectors/ => 500 for payload random-string-4-len-1084","POST /api/pmc/collectors/ => 500 for payload random-string-5-len-1437","POST /api/pmc/collectors/ => 500 for payload random-string-6-len-930","POST /api/pmc/collectors/ => 500 for payload random-string-7-len-792","POST /api/pmc/collectors/ => 500 for payload random-string-8-len-4793","POST /api/pmc/collectors/ => 500 for payload random-string-9-len-4538","POST /api/pmc/collectors/ => 500 for payload random-string-10-len-2949","POST /api/pmc/collectors/ => 500 for payload random-string-11-len-2549","POST /api/pmc/collectors/ => 500 for payload random-string-12-len-253","POST /api/pmc/collectors/ => 500 for payload random-string-13-len-1403","POST /api/pmc/collectors/ => 500 for payload random-string-14-len-3756","POST /api/pmc/collectors/ => 500 for payload random-string-15-len-4678","POST /api/pmc/collectors/ => 500 for payload random-string-16-len-3209","POST /api/pmc/collectors/ => 500 for payload random-string-17-len-2874","POST /api/pmc/collectors/ => 500 for payload random-string-18-len-4576","POST /api/pmc/collectors/ => 500 for payload random-string-19-len-1874","POST /api/pmc/collectors/ => 500 for payload random-string-20-len-2585","POST /api/pmc/collectors/ => 500 for payload random-string-21-len-1540","POST /api/pmc/collectors/ => 500 for payload random-string-22-len-222","POST /api/pmc/collectors/ => 500 for payload random-string-23-len-2144","POST /api/pmc/collectors/ => 500 for payload random-string-24-len-3553","POST /api/pmc/collectors/ => 500 for payload random-string-25-len-4876","POST /api/pmc/collectors/ => 500 for payload random-string-26-len-3500","POST /api/pmc/collectors/ => 500 for payload random-string-27-len-2789","POST /api/pmc/collectors/ => 500 for payload random-string-28-len-4632","POST /api/pmc/collectors/ => 500 for payload random-string-29-len-4886","POST /api/pmc/collectors/ => 500 for payload random-string-30-len-2190","POST /api/pmc/collectors/ => 500 for payload random-string-31-len-2394","POST /api/pmc/collectors/ => 500 for payload random-string-32-len-4743","POST /api/pmc/collectors/ => 500 for payload random-string-33-len-2322","POST /api/pmc/collectors/ => 500 for payload random-string-34-len-3170","POST /api/pmc/collectors/ => 500 for payload random-string-35-len-3285","POST /api/pmc/collectors/ => 500 for payload random-string-36-len-1753","POST /api/pmc/collectors/ => 500 for payload random-string-37-len-2266","POST /api/pmc/collectors/ => 500 for payload random-string-38-len-4851","POST /api/pmc/collectors/ => 500 for payload random-string-39-len-4739","POST /api/pmc/collectors/ => 500 for payload random-string-40-len-3679","POST /api/pmc/collectors/ => 500 for payload random-string-41-len-3027","POST /api/pmc/collectors/ => 500 for payload random-string-42-len-7","POST /api/pmc/collectors/ => 500 for payload random-string-43-len-2216","POST /api/pmc/collectors/ => 500 for payload random-string-44-len-4691","POST /api/pmc/collectors/ => 500 for payload random-string-45-len-2880","POST /api/pmc/collectors/ => 500 for payload random-string-46-len-246","POST /api/pmc/collectors/ => 500 for payload random-string-47-len-3484","POST /api/pmc/collectors/ => 500 for payload random-string-48-len-4821","POST /api/pmc/collectors/ => 500 for payload random-string-49-len-4802","POST /api/pmc/collectors/ => 500 for payload random-string-50-len-174","POST /api/pmc/collectors/ => 500 for payload special-characters","POST /api/pmc/collectors/ => 500 for payload unicode-mixed","POST /api/pmc/collectors/ => 500 for payload null-value","POST /api/pmc/collectors/ => 500 for payload empty-array","POST /api/pmc/collectors/ => 500 for payload empty-object","POST /api/pmc/collectors/ => 500 for payload zero-number","POST /api/pmc/collectors/ => 500 for payload negative-number","POST /api/pmc/collectors/ => 500 for payload boolean-true","POST /api/pmc/collectors/ => 500 for payload boolean-false","POST /api/pmc/collectors/ => 500 for payload undefined-simulated","POST /api/pmc/consumers/ => 500 for payload random-string-1-len-968","POST /api/pmc/consumers/ => 500 for payload random-string-2-len-4598","POST /api/pmc/consumers/ => 500 for payload random-string-3-len-3229","POST /api/pmc/consumers/ => 500 for payload random-string-4-len-1084","POST /api/pmc/consumers/ => 500 for payload random-string-5-len-1437","POST /api/pmc/consumers/ => 500 for payload random-string-6-len-930","POST /api/pmc/consumers/ => 500 for payload random-string-7-len-792","POST /api/pmc/consumers/ => 500 for payload random-string-8-len-4793","POST /api/pmc/consumers/ => 500 for payload random-string-9-len-4538","POST /api/pmc/consumers/ => 500 for payload random-string-10-len-2949","POST /api/pmc/consumers/ => 500 for payload random-string-11-len-2549","POST /api/pmc/consumers/ => 500 for payload random-string-12-len-253","POST /api/pmc/consumers/ => 500 for payload random-string-13-len-1403","POST /api/pmc/consumers/ => 500 for payload random-string-14-len-3756","POST /api/pmc/consumers/ => 500 for payload random-string-15-len-4678","POST /api/pmc/consumers/ => 500 for payload random-string-16-len-3209","POST /api/pmc/consumers/ => 500 for payload random-string-17-len-2874","POST /api/pmc/consumers/ => 500 for payload random-string-18-len-4576","POST /api/pmc/consumers/ => 500 for payload random-string-19-len-1874","POST /api/pmc/consumers/ => 500 for payload random-string-20-len-2585","POST /api/pmc/consumers/ => 500 for payload random-string-21-len-1540","POST /api/pmc/consumers/ => 500 for payload random-string-22-len-222","POST /api/pmc/consumers/ => 500 for payload random-string-23-len-2144","POST /api/pmc/consumers/ => 500 for payload random-string-24-len-3553","POST /api/pmc/consumers/ => 500 for payload random-string-25-len-4876","POST /api/pmc/consumers/ => 500 for payload random-string-26-len-3500","POST /api/pmc/consumers/ => 500 for payload random-string-27-len-2789","POST /api/pmc/consumers/ => 500 for payload random-string-28-len-4632","POST /api/pmc/consumers/ => 500 for payload random-string-29-len-4886","POST /api/pmc/consumers/ => 500 for payload random-string-30-len-2190","POST /api/pmc/consumers/ => 500 for payload random-string-31-len-2394","POST /api/pmc/consumers/ => 500 for payload random-string-32-len-4743","POST /api/pmc/consumers/ => 500 for payload random-string-33-len-2322","POST /api/pmc/consumers/ => 500 for payload random-string-34-len-3170","POST /api/pmc/consumers/ => 500 for payload random-string-35-len-3285","POST /api/pmc/consumers/ => 500 for payload random-string-36-len-1753","POST /api/pmc/consumers/ => 500 for payload random-string-37-len-2266","POST /api/pmc/consumers/ => 500 for payload random-string-38-len-4851","POST /api/pmc/consumers/ => 500 for payload random-string-39-len-4739","POST /api/pmc/consumers/ => 500 for payload random-string-40-len-3679","POST /api/pmc/consumers/ => 500 for payload random-string-41-len-3027","POST /api/pmc/consumers/ => 500 for payload random-string-42-len-7","POST /api/pmc/consumers/ => 500 for payload random-string-43-len-2216","POST /api/pmc/consumers/ => 500 for payload random-string-44-len-4691","POST /api/pmc/consumers/ => 500 for payload random-string-45-len-2880","POST /api/pmc/consumers/ => 500 for payload random-string-46-len-246","POST /api/pmc/consumers/ => 500 for payload random-string-47-len-3484","POST /api/pmc/consumers/ => 500 for payload random-string-48-len-4821","POST /api/pmc/consumers/ => 500 for payload random-string-49-len-4802","POST /api/pmc/consumers/ => 500 for payload random-string-50-len-174","POST /api/pmc/consumers/ => 500 for payload special-characters","POST /api/pmc/consumers/ => 500 for payload unicode-mixed","POST /api/pmc/consumers/ => 500 for payload null-value","POST /api/pmc/consumers/ => 500 for payload empty-array","POST /api/pmc/consumers/ => 500 for payload empty-object","POST /api/pmc/consumers/ => 500 for payload zero-number","POST /api/pmc/consumers/ => 500 for payload negative-number","POST /api/pmc/consumers/ => 500 for payload boolean-true","POST /api/pmc/consumers/ => 500 for payload boolean-false","POST /api/pmc/consumers/ => 500 for payload undefined-simulated","POST /api/pmc/field-responses/ => 500 for payload random-string-1-len-968","POST /api/pmc/field-responses/ => 500 for payload random-string-2-len-4598","POST /api/pmc/field-responses/ => 500 for payload random-string-3-len-3229","POST /api/pmc/field-responses/ => 500 for payload random-string-4-len-1084","POST /api/pmc/field-responses/ => 500 for payload random-string-5-len-1437","POST /api/pmc/field-responses/ => 500 for payload random-string-6-len-930","POST /api/pmc/field-responses/ => 500 for payload random-string-7-len-792","POST /api/pmc/field-responses/ => 500 for payload random-string-8-len-4793","POST /api/pmc/field-responses/ => 500 for payload random-string-9-len-4538","POST /api/pmc/field-responses/ => 500 for payload random-string-10-len-2949","POST /api/pmc/field-responses/ => 500 for payload random-string-11-len-2549","POST /api/pmc/field-responses/ => 500 for payload random-string-12-len-253","POST /api/pmc/field-responses/ => 500 for payload random-string-13-len-1403","POST /api/pmc/field-responses/ => 500 for payload random-string-14-len-3756","POST /api/pmc/field-responses/ => 500 for payload random-string-15-len-4678","POST /api/pmc/field-responses/ => 500 for payload random-string-16-len-3209","POST /api/pmc/field-responses/ => 500 for payload random-string-17-len-2874","POST /api/pmc/field-responses/ => 500 for payload random-string-18-len-4576","POST /api/pmc/field-responses/ => 500 for payload random-string-19-len-1874","POST /api/pmc/field-responses/ => 500 for payload random-string-20-len-2585","POST /api/pmc/field-responses/ => 500 for payload random-string-21-len-1540","POST /api/pmc/field-responses/ => 500 for payload random-string-22-len-222","POST /api/pmc/field-responses/ => 500 for payload random-string-23-len-2144","POST /api/pmc/field-responses/ => 500 for payload random-string-24-len-3553","POST /api/pmc/field-responses/ => 500 for payload random-string-25-len-4876","POST /api/pmc/field-responses/ => 500 for payload random-string-26-len-3500","POST /api/pmc/field-responses/ => 500 for payload random-string-27-len-2789","POST /api/pmc/field-responses/ => 500 for payload random-string-28-len-4632","POST /api/pmc/field-responses/ => 500 for payload random-string-29-len-4886","POST /api/pmc/field-responses/ => 500 for payload random-string-30-len-2190","POST /api/pmc/field-responses/ => 500 for payload random-string-31-len-2394","POST /api/pmc/field-responses/ => 500 for payload random-string-32-len-4743","POST /api/pmc/field-responses/ => 500 for payload random-string-33-len-2322","POST /api/pmc/field-responses/ => 500 for payload random-string-34-len-3170","POST /api/pmc/field-responses/ => 500 for payload random-string-35-len-3285","POST /api/pmc/field-responses/ => 500 for payload random-string-36-len-1753","POST /api/pmc/field-responses/ => 500 for payload random-string-37-len-2266","POST /api/pmc/field-responses/ => 500 for payload random-string-38-len-4851","POST /api/pmc/field-responses/ => 500 for payload random-string-39-len-4739","POST /api/pmc/field-responses/ => 500 for payload random-string-40-len-3679","POST /api/pmc/field-responses/ => 500 for payload random-string-41-len-3027","POST /api/pmc/field-responses/ => 500 for payload random-string-42-len-7","POST /api/pmc/field-responses/ => 500 for payload random-string-43-len-2216","POST /api/pmc/field-responses/ => 500 for payload random-string-44-len-4691","POST /api/pmc/field-responses/ => 500 for payload random-string-45-len-2880","POST /api/pmc/field-responses/ => 500 for payload random-string-46-len-246","POST /api/pmc/field-responses/ => 500 for payload random-string-47-len-3484","POST /api/pmc/field-responses/ => 500 for payload random-string-48-len-4821","POST /api/pmc/field-responses/ => 500 for payload random-string-49-len-4802","POST /api/pmc/field-responses/ => 500 for payload random-string-50-len-174","POST /api/pmc/field-responses/ => 500 for payload special-characters","POST /api/pmc/field-responses/ => 500 for payload unicode-mixed","POST /api/pmc/field-responses/ => 500 for payload null-value","POST /api/pmc/field-responses/ => 500 for payload empty-array","POST /api/pmc/field-responses/ => 500 for payload empty-object","POST /api/pmc/field-responses/ => 500 for payload zero-number","POST /api/pmc/field-responses/ => 500 for payload negative-number","POST /api/pmc/field-responses/ => 500 for payload boolean-true","POST /api/pmc/field-responses/ => 500 for payload boolean-false","POST /api/pmc/field-responses/ => 500 for payload undefined-simulated","POST /api/pmc/inspection-report/ => 500 for payload random-string-1-len-968","POST /api/pmc/inspection-report/ => 500 for payload random-string-2-len-4598","POST /api/pmc/inspection-report/ => 500 for payload random-string-3-len-3229","POST /api/pmc/inspection-report/ => 500 for payload random-string-4-len-1084","POST /api/pmc/inspection-report/ => 500 for payload random-string-5-len-1437","POST /api/pmc/inspection-report/ => 500 for payload random-string-6-len-930","POST /api/pmc/inspection-report/ => 500 for payload random-string-7-len-792","POST /api/pmc/inspection-report/ => 500 for payload random-string-8-len-4793","POST /api/pmc/inspection-report/ => 500 for payload random-string-9-len-4538","POST /api/pmc/inspection-report/ => 500 for payload random-string-10-len-2949","POST /api/pmc/inspection-report/ => 500 for payload random-string-11-len-2549","POST /api/pmc/inspection-report/ => 500 for payload random-string-12-len-253","POST /api/pmc/inspection-report/ => 500 for payload random-string-13-len-1403","POST /api/pmc/inspection-report/ => 500 for payload random-string-14-len-3756","POST /api/pmc/inspection-report/ => 500 for payload random-string-15-len-4678","POST /api/pmc/inspection-report/ => 500 for payload random-string-16-len-3209","POST /api/pmc/inspection-report/ => 500 for payload random-string-17-len-2874","POST /api/pmc/inspection-report/ => 500 for payload random-string-18-len-4576","POST /api/pmc/inspection-report/ => 500 for payload random-string-19-len-1874","POST /api/pmc/inspection-report/ => 500 for payload random-string-20-len-2585","POST /api/pmc/inspection-report/ => 500 for payload random-string-21-len-1540","POST /api/pmc/inspection-report/ => 500 for payload random-string-22-len-222","POST /api/pmc/inspection-report/ => 500 for payload random-string-23-len-2144","POST /api/pmc/inspection-report/ => 500 for payload random-string-24-len-3553","POST /api/pmc/inspection-report/ => 500 for payload random-string-25-len-4876","POST /api/pmc/inspection-report/ => 500 for payload random-string-26-len-3500","POST /api/pmc/inspection-report/ => 500 for payload random-string-27-len-2789","POST /api/pmc/inspection-report/ => 500 for payload random-string-28-len-4632","POST /api/pmc/inspection-report/ => 500 for payload random-string-29-len-4886","POST /api/pmc/inspection-report/ => 500 for payload random-string-30-len-2190","POST /api/pmc/inspection-report/ => 500 for payload random-string-31-len-2394","POST /api/pmc/inspection-report/ => 500 for payload random-string-32-len-4743","POST /api/pmc/inspection-report/ => 500 for payload random-string-33-len-2322","POST /api/pmc/inspection-report/ => 500 for payload random-string-34-len-3170","POST /api/pmc/inspection-report/ => 500 for payload random-string-35-len-3285","POST /api/pmc/inspection-report/ => 500 for payload random-string-36-len-1753","POST /api/pmc/inspection-report/ => 500 for payload random-string-37-len-2266","POST /api/pmc/inspection-report/ => 500 for payload random-string-38-len-4851","POST /api/pmc/inspection-report/ => 500 for payload random-string-39-len-4739","POST /api/pmc/inspection-report/ => 500 for payload random-string-40-len-3679","POST /api/pmc/inspection-report/ => 500 for payload random-string-41-len-3027","POST /api/pmc/inspection-report/ => 500 for payload random-string-42-len-7","POST /api/pmc/inspection-report/ => 500 for payload random-string-43-len-2216","POST /api/pmc/inspection-report/ => 500 for payload random-string-44-len-4691","POST /api/pmc/inspection-report/ => 500 for payload random-string-45-len-2880","POST /api/pmc/inspection-report/ => 500 for payload random-string-46-len-246","POST /api/pmc/inspection-report/ => 500 for payload random-string-47-len-3484","POST /api/pmc/inspection-report/ => 500 for payload random-string-48-len-4821","POST /api/pmc/inspection-report/ => 500 for payload random-string-49-len-4802","POST /api/pmc/inspection-report/ => 500 for payload random-string-50-len-174","POST /api/pmc/inspection-report/ => 500 for payload special-characters","POST /api/pmc/inspection-report/ => 500 for payload unicode-mixed","POST /api/pmc/inspection-report/ => 500 for payload null-value","POST /api/pmc/inspection-report/ => 500 for payload empty-array","POST /api/pmc/inspection-report/ => 500 for payload empty-object","POST /api/pmc/inspection-report/ => 500 for payload zero-number","POST /api/pmc/inspection-report/ => 500 for payload negative-number","POST /api/pmc/inspection-report/ => 500 for payload boolean-true","POST /api/pmc/inspection-report/ => 500 for payload boolean-false","POST /api/pmc/inspection-report/ => 500 for payload undefined-simulated","POST /api/pmc/manual-fields/ => 500 for payload random-string-1-len-968","POST /api/pmc/manual-fields/ => 500 for payload random-string-2-len-4598","POST /api/pmc/manual-fields/ => 500 for payload random-string-3-len-3229","POST /api/pmc/manual-fields/ => 500 for payload random-string-4-len-1084","POST /api/pmc/manual-fields/ => 500 for payload random-string-5-len-1437","POST /api/pmc/manual-fields/ => 500 for payload random-string-6-len-930","POST /api/pmc/manual-fields/ => 500 for payload random-string-7-len-792","POST /api/pmc/manual-fields/ => 500 for payload random-string-8-len-4793","POST /api/pmc/manual-fields/ => 500 for payload random-string-9-len-4538","POST /api/pmc/manual-fields/ => 500 for payload random-string-10-len-2949","POST /api/pmc/manual-fields/ => 500 for payload random-string-11-len-2549","POST /api/pmc/manual-fields/ => 500 for payload random-string-12-len-253","POST /api/pmc/manual-fields/ => 500 for payload random-string-13-len-1403","POST /api/pmc/manual-fields/ => 500 for payload random-string-14-len-3756","POST /api/pmc/manual-fields/ => 500 for payload random-string-15-len-4678","POST /api/pmc/manual-fields/ => 500 for payload random-string-16-len-3209","POST /api/pmc/manual-fields/ => 500 for payload random-string-17-len-2874","POST /api/pmc/manual-fields/ => 500 for payload random-string-18-len-4576","POST /api/pmc/manual-fields/ => 500 for payload random-string-19-len-1874","POST /api/pmc/manual-fields/ => 500 for payload random-string-20-len-2585","POST /api/pmc/manual-fields/ => 500 for payload random-string-21-len-1540","POST /api/pmc/manual-fields/ => 500 for payload random-string-22-len-222","POST /api/pmc/manual-fields/ => 500 for payload random-string-23-len-2144","POST /api/pmc/manual-fields/ => 500 for payload random-string-24-len-3553","POST /api/pmc/manual-fields/ => 500 for payload random-string-25-len-4876","POST /api/pmc/manual-fields/ => 500 for payload random-string-26-len-3500","POST /api/pmc/manual-fields/ => 500 for payload random-string-27-len-2789","POST /api/pmc/manual-fields/ => 500 for payload random-string-28-len-4632","POST /api/pmc/manual-fields/ => 500 for payload random-string-29-len-4886","POST /api/pmc/manual-fields/ => 500 for payload random-string-30-len-2190","POST /api/pmc/manual-fields/ => 500 for payload random-string-31-len-2394","POST /api/pmc/manual-fields/ => 500 for payload random-string-32-len-4743","POST /api/pmc/manual-fields/ => 500 for payload random-string-33-len-2322","POST /api/pmc/manual-fields/ => 500 for payload random-string-34-len-3170","POST /api/pmc/manual-fields/ => 500 for payload random-string-35-len-3285","POST /api/pmc/manual-fields/ => 500 for payload random-string-36-len-1753","POST /api/pmc/manual-fields/ => 500 for payload random-string-37-len-2266","POST /api/pmc/manual-fields/ => 500 for payload random-string-38-len-4851","POST /api/pmc/manual-fields/ => 500 for payload random-string-39-len-4739","POST /api/pmc/manual-fields/ => 500 for payload random-string-40-len-3679","POST /api/pmc/manual-fields/ => 500 for payload random-string-41-len-3027","POST /api/pmc/manual-fields/ => 500 for payload random-string-42-len-7","POST /api/pmc/manual-fields/ => 500 for payload random-string-43-len-2216","POST /api/pmc/manual-fields/ => 500 for payload random-string-44-len-4691","POST /api/pmc/manual-fields/ => 500 for payload random-string-45-len-2880","POST /api/pmc/manual-fields/ => 500 for payload random-string-46-len-246","POST /api/pmc/manual-fields/ => 500 for payload random-string-47-len-3484","POST /api/pmc/manual-fields/ => 500 for payload random-string-48-len-4821","POST /api/pmc/manual-fields/ => 500 for payload random-string-49-len-4802","POST /api/pmc/manual-fields/ => 500 for payload random-string-50-len-174","POST /api/pmc/manual-fields/ => 500 for payload special-characters","POST /api/pmc/manual-fields/ => 500 for payload unicode-mixed","POST /api/pmc/manual-fields/ => 500 for payload null-value","POST /api/pmc/manual-fields/ => 500 for payload empty-array","POST /api/pmc/manual-fields/ => 500 for payload empty-object","POST /api/pmc/manual-fields/ => 500 for payload zero-number","POST /api/pmc/manual-fields/ => 500 for payload negative-number","POST /api/pmc/manual-fields/ => 500 for payload boolean-true","POST /api/pmc/manual-fields/ => 500 for payload boolean-false","POST /api/pmc/manual-fields/ => 500 for payload undefined-simulated","POST /api/pmc/plastic-items/ => 500 for payload random-string-1-len-968","POST /api/pmc/plastic-items/ => 500 for payload random-string-2-len-4598","POST /api/pmc/plastic-items/ => 500 for payload random-string-3-len-3229","POST /api/pmc/plastic-items/ => 500 for payload random-string-4-len-1084","POST /api/pmc/plastic-items/ => 500 for payload random-string-5-len-1437","POST /api/pmc/plastic-items/ => 500 for payload random-string-6-len-930","POST /api/pmc/plastic-items/ => 500 for payload random-string-7-len-792","POST /api/pmc/plastic-items/ => 500 for payload random-string-8-len-4793","POST /api/pmc/plastic-items/ => 500 for payload random-string-9-len-4538","POST /api/pmc/plastic-items/ => 500 for payload random-string-10-len-2949","POST /api/pmc/plastic-items/ => 500 for payload random-string-11-len-2549","POST /api/pmc/plastic-items/ => 500 for payload random-string-12-len-253","POST /api/pmc/plastic-items/ => 500 for payload random-string-13-len-1403","POST /api/pmc/plastic-items/ => 500 for payload random-string-14-len-3756","POST /api/pmc/plastic-items/ => 500 for payload random-string-15-len-4678","POST /api/pmc/plastic-items/ => 500 for payload random-string-16-len-3209","POST /api/pmc/plastic-items/ => 500 for payload random-string-17-len-2874","POST /api/pmc/plastic-items/ => 500 for payload random-string-18-len-4576","POST /api/pmc/plastic-items/ => 500 for payload random-string-19-len-1874","POST /api/pmc/plastic-items/ => 500 for payload random-string-20-len-2585","POST /api/pmc/plastic-items/ => 500 for payload random-string-21-len-1540","POST /api/pmc/plastic-items/ => 500 for payload random-string-22-len-222","POST /api/pmc/plastic-items/ => 500 for payload random-string-23-len-2144","POST /api/pmc/plastic-items/ => 500 for payload random-string-24-len-3553","POST /api/pmc/plastic-items/ => 500 for payload random-string-25-len-4876","POST /api/pmc/plastic-items/ => 500 for payload random-string-26-len-3500","POST /api/pmc/plastic-items/ => 500 for payload random-string-27-len-2789","POST /api/pmc/plastic-items/ => 500 for payload random-string-28-len-4632","POST /api/pmc/plastic-items/ => 500 for payload random-string-29-len-4886","POST /api/pmc/plastic-items/ => 500 for payload random-string-30-len-2190","POST /api/pmc/plastic-items/ => 500 for payload random-string-31-len-2394","POST /api/pmc/plastic-items/ => 500 for payload random-string-32-len-4743","POST /api/pmc/plastic-items/ => 500 for payload random-string-33-len-2322","POST /api/pmc/plastic-items/ => 500 for payload random-string-34-len-3170","POST /api/pmc/plastic-items/ => 500 for payload random-string-35-len-3285","POST /api/pmc/plastic-items/ => 500 for payload random-string-36-len-1753","POST /api/pmc/plastic-items/ => 500 for payload random-string-37-len-2266","POST /api/pmc/plastic-items/ => 500 for payload random-string-38-len-4851","POST /api/pmc/plastic-items/ => 500 for payload random-string-39-len-4739","POST /api/pmc/plastic-items/ => 500 for payload random-string-40-len-3679","POST /api/pmc/plastic-items/ => 500 for payload random-string-41-len-3027","POST /api/pmc/plastic-items/ => 500 for payload random-string-42-len-7","POST /api/pmc/plastic-items/ => 500 for payload random-string-43-len-2216","POST /api/pmc/plastic-items/ => 500 for payload random-string-44-len-4691","POST /api/pmc/plastic-items/ => 500 for payload random-string-45-len-2880","POST /api/pmc/plastic-items/ => 500 for payload random-string-46-len-246","POST /api/pmc/plastic-items/ => 500 for payload random-string-47-len-3484","POST /api/pmc/plastic-items/ => 500 for payload random-string-48-len-4821","POST /api/pmc/plastic-items/ => 500 for payload random-string-49-len-4802","POST /api/pmc/plastic-items/ => 500 for payload random-string-50-len-174","POST /api/pmc/plastic-items/ => 500 for payload special-characters","POST /api/pmc/plastic-items/ => 500 for payload unicode-mixed","POST /api/pmc/plastic-items/ => 500 for payload null-value","POST /api/pmc/plastic-items/ => 500 for payload empty-array","POST /api/pmc/plastic-items/ => 500 for payload empty-object","POST /api/pmc/plastic-items/ => 500 for payload zero-number","POST /api/pmc/plastic-items/ => 500 for payload negative-number","POST /api/pmc/plastic-items/ => 500 for payload boolean-true","POST /api/pmc/plastic-items/ => 500 for payload boolean-false","POST /api/pmc/plastic-items/ => 500 for payload undefined-simulated","POST /api/pmc/plmis-token/ => 500 for payload random-string-1-len-968","POST /api/pmc/plmis-token/ => 500 for payload random-string-2-len-4598","POST /api/pmc/plmis-token/ => 500 for payload random-string-3-len-3229","POST /api/pmc/plmis-token/ => 500 for payload random-string-4-len-1084","POST /api/pmc/plmis-token/ => 500 for payload random-string-5-len-1437","POST /api/pmc/plmis-token/ => 500 for payload random-string-6-len-930","POST /api/pmc/plmis-token/ => 500 for payload random-string-7-len-792","POST /api/pmc/plmis-token/ => 500 for payload random-string-8-len-4793","POST /api/pmc/plmis-token/ => 500 for payload random-string-9-len-4538","POST /api/pmc/plmis-token/ => 500 for payload random-string-10-len-2949","POST /api/pmc/plmis-token/ => 500 for payload random-string-11-len-2549","POST /api/pmc/plmis-token/ => 500 for payload random-string-12-len-253","POST /api/pmc/plmis-token/ => 500 for payload random-string-13-len-1403","POST /api/pmc/plmis-token/ => 500 for payload random-string-14-len-3756","POST /api/pmc/plmis-token/ => 500 for payload random-string-15-len-4678","POST /api/pmc/plmis-token/ => 500 for payload random-string-16-len-3209","POST /api/pmc/plmis-token/ => 500 for payload random-string-17-len-2874","POST /api/pmc/plmis-token/ => 500 for payload random-string-18-len-4576","POST /api/pmc/plmis-token/ => 500 for payload random-string-19-len-1874","POST /api/pmc/plmis-token/ => 500 for payload random-string-20-len-2585","POST /api/pmc/plmis-token/ => 500 for payload random-string-21-len-1540","POST /api/pmc/plmis-token/ => 500 for payload random-string-22-len-222","POST /api/pmc/plmis-token/ => 500 for payload random-string-23-len-2144","POST /api/pmc/plmis-token/ => 500 for payload random-string-24-len-3553","POST /api/pmc/plmis-token/ => 500 for payload random-string-25-len-4876","POST /api/pmc/plmis-token/ => 500 for payload random-string-26-len-3500","POST /api/pmc/plmis-token/ => 500 for payload random-string-27-len-2789","POST /api/pmc/plmis-token/ => 500 for payload random-string-28-len-4632","POST /api/pmc/plmis-token/ => 500 for payload random-string-29-len-4886","POST /api/pmc/plmis-token/ => 500 for payload random-string-30-len-2190","POST /api/pmc/plmis-token/ => 500 for payload random-string-31-len-2394","POST /api/pmc/plmis-token/ => 500 for payload random-string-32-len-4743","POST /api/pmc/plmis-token/ => 500 for payload random-string-33-len-2322","POST /api/pmc/plmis-token/ => 500 for payload random-string-34-len-3170","POST /api/pmc/plmis-token/ => 500 for payload random-string-35-len-3285","POST /api/pmc/plmis-token/ => 500 for payload random-string-36-len-1753","POST /api/pmc/plmis-token/ => 500 for payload random-string-37-len-2266","POST /api/pmc/plmis-token/ => 500 for payload random-string-38-len-4851","POST /api/pmc/plmis-token/ => 500 for payload random-string-39-len-4739","POST /api/pmc/plmis-token/ => 500 for payload random-string-40-len-3679","POST /api/pmc/plmis-token/ => 500 for payload random-string-41-len-3027","POST /api/pmc/plmis-token/ => 500 for payload random-string-42-len-7","POST /api/pmc/plmis-token/ => 500 for payload random-string-43-len-2216","POST /api/pmc/plmis-token/ => 500 for payload random-string-44-len-4691","POST /api/pmc/plmis-token/ => 500 for payload random-string-45-len-2880","POST /api/pmc/plmis-token/ => 500 for payload random-string-46-len-246","POST /api/pmc/plmis-token/ => 500 for payload random-string-47-len-3484","POST /api/pmc/plmis-token/ => 500 for payload random-string-48-len-4821","POST /api/pmc/plmis-token/ => 500 for payload random-string-49-len-4802","POST /api/pmc/plmis-token/ => 500 for payload random-string-50-len-174","POST /api/pmc/plmis-token/ => 500 for payload special-characters","POST /api/pmc/plmis-token/ => 500 for payload unicode-mixed","POST /api/pmc/plmis-token/ => 500 for payload null-value","POST /api/pmc/plmis-token/ => 500 for payload empty-array","POST /api/pmc/plmis-token/ => 500 for payload empty-object","POST /api/pmc/plmis-token/ => 500 for payload zero-number","POST /api/pmc/plmis-token/ => 500 for payload negative-number","POST /api/pmc/plmis-token/ => 500 for payload boolean-true","POST /api/pmc/plmis-token/ => 500 for payload boolean-false","POST /api/pmc/plmis-token/ => 500 for payload undefined-simulated","POST /api/pmc/producers/ => 500 for payload random-string-1-len-968","POST /api/pmc/producers/ => 500 for payload random-string-2-len-4598","POST /api/pmc/producers/ => 500 for payload random-string-3-len-3229","POST /api/pmc/producers/ => 500 for payload random-string-4-len-1084","POST /api/pmc/producers/ => 500 for payload random-string-5-len-1437","POST /api/pmc/producers/ => 500 for payload random-string-6-len-930","POST /api/pmc/producers/ => 500 for payload random-string-7-len-792","POST /api/pmc/producers/ => 500 for payload random-string-8-len-4793","POST /api/pmc/producers/ => 500 for payload random-string-9-len-4538","POST /api/pmc/producers/ => 500 for payload random-string-10-len-2949","POST /api/pmc/producers/ => 500 for payload random-string-11-len-2549","POST /api/pmc/producers/ => 500 for payload random-string-12-len-253","POST /api/pmc/producers/ => 500 for payload random-string-13-len-1403","POST /api/pmc/producers/ => 500 for payload random-string-14-len-3756","POST /api/pmc/producers/ => 500 for payload random-string-15-len-4678","POST /api/pmc/producers/ => 500 for payload random-string-16-len-3209","POST /api/pmc/producers/ => 500 for payload random-string-17-len-2874","POST /api/pmc/producers/ => 500 for payload random-string-18-len-4576","POST /api/pmc/producers/ => 500 for payload random-string-19-len-1874","POST /api/pmc/producers/ => 500 for payload random-string-20-len-2585","POST /api/pmc/producers/ => 500 for payload random-string-21-len-1540","POST /api/pmc/producers/ => 500 for payload random-string-22-len-222","POST /api/pmc/producers/ => 500 for payload random-string-23-len-2144","POST /api/pmc/producers/ => 500 for payload random-string-24-len-3553","POST /api/pmc/producers/ => 500 for payload random-string-25-len-4876","POST /api/pmc/producers/ => 500 for payload random-string-26-len-3500","POST /api/pmc/producers/ => 500 for payload random-string-27-len-2789","POST /api/pmc/producers/ => 500 for payload random-string-28-len-4632","POST /api/pmc/producers/ => 500 for payload random-string-29-len-4886","POST /api/pmc/producers/ => 500 for payload random-string-30-len-2190","POST /api/pmc/producers/ => 500 for payload random-string-31-len-2394","POST /api/pmc/producers/ => 500 for payload random-string-32-len-4743","POST /api/pmc/producers/ => 500 for payload random-string-33-len-2322","POST /api/pmc/producers/ => 500 for payload random-string-34-len-3170","POST /api/pmc/producers/ => 500 for payload random-string-35-len-3285","POST /api/pmc/producers/ => 500 for payload random-string-36-len-1753","POST /api/pmc/producers/ => 500 for payload random-string-37-len-2266","POST /api/pmc/producers/ => 500 for payload random-string-38-len-4851","POST /api/pmc/producers/ => 500 for payload random-string-39-len-4739","POST /api/pmc/producers/ => 500 for payload random-string-40-len-3679","POST /api/pmc/producers/ => 500 for payload random-string-41-len-3027","POST /api/pmc/producers/ => 500 for payload random-string-42-len-7","POST /api/pmc/producers/ => 500 for payload random-string-43-len-2216","POST /api/pmc/producers/ => 500 for payload random-string-44-len-4691","POST /api/pmc/producers/ => 500 for payload random-string-45-len-2880","POST /api/pmc/producers/ => 500 for payload random-string-46-len-246","POST /api/pmc/producers/ => 500 for payload random-string-47-len-3484","POST /api/pmc/producers/ => 500 for payload random-string-48-len-4821","POST /api/pmc/producers/ => 500 for payload random-string-49-len-4802","POST /api/pmc/producers/ => 500 for payload random-string-50-len-174","POST /api/pmc/producers/ => 500 for payload special-characters","POST /api/pmc/producers/ => 500 for payload unicode-mixed","POST /api/pmc/producers/ => 500 for payload null-value","POST /api/pmc/producers/ => 500 for payload empty-array","POST /api/pmc/producers/ => 500 for payload empty-object","POST /api/pmc/producers/ => 500 for payload zero-number","POST /api/pmc/producers/ => 500 for payload negative-number","POST /api/pmc/producers/ => 500 for payload boolean-true","POST /api/pmc/producers/ => 500 for payload boolean-false","POST /api/pmc/producers/ => 500 for payload undefined-simulated","POST /api/pmc/products/ => 500 for payload random-string-1-len-968","POST /api/pmc/products/ => 500 for payload random-string-2-len-4598","POST /api/pmc/products/ => 500 for payload random-string-3-len-3229","POST /api/pmc/products/ => 500 for payload random-string-4-len-1084","POST /api/pmc/products/ => 500 for payload random-string-5-len-1437","POST /api/pmc/products/ => 500 for payload random-string-6-len-930","POST /api/pmc/products/ => 500 for payload random-string-7-len-792","POST /api/pmc/products/ => 500 for payload random-string-8-len-4793","POST /api/pmc/products/ => 500 for payload random-string-9-len-4538","POST /api/pmc/products/ => 500 for payload random-string-10-len-2949","POST /api/pmc/products/ => 500 for payload random-string-11-len-2549","POST /api/pmc/products/ => 500 for payload random-string-12-len-253","POST /api/pmc/products/ => 500 for payload random-string-13-len-1403","POST /api/pmc/products/ => 500 for payload random-string-14-len-3756","POST /api/pmc/products/ => 500 for payload random-string-15-len-4678","POST /api/pmc/products/ => 500 for payload random-string-16-len-3209","POST /api/pmc/products/ => 500 for payload random-string-17-len-2874","POST /api/pmc/products/ => 500 for payload random-string-18-len-4576","POST /api/pmc/products/ => 500 for payload random-string-19-len-1874","POST /api/pmc/products/ => 500 for payload random-string-20-len-2585","POST /api/pmc/products/ => 500 for payload random-string-21-len-1540","POST /api/pmc/products/ => 500 for payload random-string-22-len-222","POST /api/pmc/products/ => 500 for payload random-string-23-len-2144","POST /api/pmc/products/ => 500 for payload random-string-24-len-3553","POST /api/pmc/products/ => 500 for payload random-string-25-len-4876","POST /api/pmc/products/ => 500 for payload random-string-26-len-3500","POST /api/pmc/products/ => 500 for payload random-string-27-len-2789","POST /api/pmc/products/ => 500 for payload random-string-28-len-4632","POST /api/pmc/products/ => 500 for payload random-string-29-len-4886","POST /api/pmc/products/ => 500 for payload random-string-30-len-2190","POST /api/pmc/products/ => 500 for payload random-string-31-len-2394","POST /api/pmc/products/ => 500 for payload random-string-32-len-4743","POST /api/pmc/products/ => 500 for payload random-string-33-len-2322","POST /api/pmc/products/ => 500 for payload random-string-34-len-3170","POST /api/pmc/products/ => 500 for payload random-string-35-len-3285","POST /api/pmc/products/ => 500 for payload random-string-36-len-1753","POST /api/pmc/products/ => 500 for payload random-string-37-len-2266","POST /api/pmc/products/ => 500 for payload random-string-38-len-4851","POST /api/pmc/products/ => 500 for payload random-string-39-len-4739","POST /api/pmc/products/ => 500 for payload random-string-40-len-3679","POST /api/pmc/products/ => 500 for payload random-string-41-len-3027","POST /api/pmc/products/ => 500 for payload random-string-42-len-7","POST /api/pmc/products/ => 500 for payload random-string-43-len-2216","POST /api/pmc/products/ => 500 for payload random-string-44-len-4691","POST /api/pmc/products/ => 500 for payload random-string-45-len-2880","POST /api/pmc/products/ => 500 for payload random-string-46-len-246","POST /api/pmc/products/ => 500 for payload random-string-47-len-3484","POST /api/pmc/products/ => 500 for payload random-string-48-len-4821","POST /api/pmc/products/ => 500 for payload random-string-49-len-4802","POST /api/pmc/products/ => 500 for payload random-string-50-len-174","POST /api/pmc/products/ => 500 for payload special-characters","POST /api/pmc/products/ => 500 for payload unicode-mixed","POST /api/pmc/products/ => 500 for payload null-value","POST /api/pmc/products/ => 500 for payload empty-array","POST /api/pmc/products/ => 500 for payload empty-object","POST /api/pmc/products/ => 500 for payload zero-number","POST /api/pmc/products/ => 500 for payload negative-number","POST /api/pmc/products/ => 500 for payload boolean-true","POST /api/pmc/products/ => 500 for payload boolean-false","POST /api/pmc/products/ => 500 for payload undefined-simulated","POST /api/pmc/raw-materials/ => 500 for payload random-string-1-len-968","POST /api/pmc/raw-materials/ => 500 for payload random-string-2-len-4598","POST /api/pmc/raw-materials/ => 500 for payload random-string-3-len-3229","POST /api/pmc/raw-materials/ => 500 for payload random-string-4-len-1084","POST /api/pmc/raw-materials/ => 500 for payload random-string-5-len-1437","POST /api/pmc/raw-materials/ => 500 for payload random-string-6-len-930","POST /api/pmc/raw-materials/ => 500 for payload random-string-7-len-792","POST /api/pmc/raw-materials/ => 500 for payload random-string-8-len-4793","POST /api/pmc/raw-materials/ => 500 for payload random-string-9-len-4538","POST /api/pmc/raw-materials/ => 500 for payload random-string-10-len-2949","POST /api/pmc/raw-materials/ => 500 for payload random-string-11-len-2549","POST /api/pmc/raw-materials/ => 500 for payload random-string-12-len-253","POST /api/pmc/raw-materials/ => 500 for payload random-string-13-len-1403","POST /api/pmc/raw-materials/ => 500 for payload random-string-14-len-3756","POST /api/pmc/raw-materials/ => 500 for payload random-string-15-len-4678","POST /api/pmc/raw-materials/ => 500 for payload random-string-16-len-3209","POST /api/pmc/raw-materials/ => 500 for payload random-string-17-len-2874","POST /api/pmc/raw-materials/ => 500 for payload random-string-18-len-4576","POST /api/pmc/raw-materials/ => 500 for payload random-string-19-len-1874","POST /api/pmc/raw-materials/ => 500 for payload random-string-20-len-2585","POST /api/pmc/raw-materials/ => 500 for payload random-string-21-len-1540","POST /api/pmc/raw-materials/ => 500 for payload random-string-22-len-222","POST /api/pmc/raw-materials/ => 500 for payload random-string-23-len-2144","POST /api/pmc/raw-materials/ => 500 for payload random-string-24-len-3553","POST /api/pmc/raw-materials/ => 500 for payload random-string-25-len-4876","POST /api/pmc/raw-materials/ => 500 for payload random-string-26-len-3500","POST /api/pmc/raw-materials/ => 500 for payload random-string-27-len-2789","POST /api/pmc/raw-materials/ => 500 for payload random-string-28-len-4632","POST /api/pmc/raw-materials/ => 500 for payload random-string-29-len-4886","POST /api/pmc/raw-materials/ => 500 for payload random-string-30-len-2190","POST /api/pmc/raw-materials/ => 500 for payload random-string-31-len-2394","POST /api/pmc/raw-materials/ => 500 for payload random-string-32-len-4743","POST /api/pmc/raw-materials/ => 500 for payload random-string-33-len-2322","POST /api/pmc/raw-materials/ => 500 for payload random-string-34-len-3170","POST /api/pmc/raw-materials/ => 500 for payload random-string-35-len-3285","POST /api/pmc/raw-materials/ => 500 for payload random-string-36-len-1753","POST /api/pmc/raw-materials/ => 500 for payload random-string-37-len-2266","POST /api/pmc/raw-materials/ => 500 for payload random-string-38-len-4851","POST /api/pmc/raw-materials/ => 500 for payload random-string-39-len-4739","POST /api/pmc/raw-materials/ => 500 for payload random-string-40-len-3679","POST /api/pmc/raw-materials/ => 500 for payload random-string-41-len-3027","POST /api/pmc/raw-materials/ => 500 for payload random-string-42-len-7","POST /api/pmc/raw-materials/ => 500 for payload random-string-43-len-2216","POST /api/pmc/raw-materials/ => 500 for payload random-string-44-len-4691","POST /api/pmc/raw-materials/ => 500 for payload random-string-45-len-2880","POST /api/pmc/raw-materials/ => 500 for payload random-string-46-len-246","POST /api/pmc/raw-materials/ => 500 for payload random-string-47-len-3484","POST /api/pmc/raw-materials/ => 500 for payload random-string-48-len-4821","POST /api/pmc/raw-materials/ => 500 for payload random-string-49-len-4802","POST /api/pmc/raw-materials/ => 500 for payload random-string-50-len-174","POST /api/pmc/raw-materials/ => 500 for payload special-characters","POST /api/pmc/raw-materials/ => 500 for payload unicode-mixed","POST /api/pmc/raw-materials/ => 500 for payload null-value","POST /api/pmc/raw-materials/ => 500 for payload empty-array","POST /api/pmc/raw-materials/ => 500 for payload empty-object","POST /api/pmc/raw-materials/ => 500 for payload zero-number","POST /api/pmc/raw-materials/ => 500 for payload negative-number","POST /api/pmc/raw-materials/ => 500 for payload boolean-true","POST /api/pmc/raw-materials/ => 500 for payload boolean-false","POST /api/pmc/raw-materials/ => 500 for payload undefined-simulated","POST /api/pmc/recyclers/ => 500 for payload random-string-1-len-968","POST /api/pmc/recyclers/ => 500 for payload random-string-2-len-4598","POST /api/pmc/recyclers/ => 500 for payload random-string-3-len-3229","POST /api/pmc/recyclers/ => 500 for payload random-string-4-len-1084","POST /api/pmc/recyclers/ => 500 for payload random-string-5-len-1437","POST /api/pmc/recyclers/ => 500 for payload random-string-6-len-930","POST /api/pmc/recyclers/ => 500 for payload random-string-7-len-792","POST /api/pmc/recyclers/ => 500 for payload random-string-8-len-4793","POST /api/pmc/recyclers/ => 500 for payload random-string-9-len-4538","POST /api/pmc/recyclers/ => 500 for payload random-string-10-len-2949","POST /api/pmc/recyclers/ => 500 for payload random-string-11-len-2549","POST /api/pmc/recyclers/ => 500 for payload random-string-12-len-253","POST /api/pmc/recyclers/ => 500 for payload random-string-13-len-1403","POST /api/pmc/recyclers/ => 500 for payload random-string-14-len-3756","POST /api/pmc/recyclers/ => 500 for payload random-string-15-len-4678","POST /api/pmc/recyclers/ => 500 for payload random-string-16-len-3209","POST /api/pmc/recyclers/ => 500 for payload random-string-17-len-2874","POST /api/pmc/recyclers/ => 500 for payload random-string-18-len-4576","POST /api/pmc/recyclers/ => 500 for payload random-string-19-len-1874","POST /api/pmc/recyclers/ => 500 for payload random-string-20-len-2585","POST /api/pmc/recyclers/ => 500 for payload random-string-21-len-1540","POST /api/pmc/recyclers/ => 500 for payload random-string-22-len-222","POST /api/pmc/recyclers/ => 500 for payload random-string-23-len-2144","POST /api/pmc/recyclers/ => 500 for payload random-string-24-len-3553","POST /api/pmc/recyclers/ => 500 for payload random-string-25-len-4876","POST /api/pmc/recyclers/ => 500 for payload random-string-26-len-3500","POST /api/pmc/recyclers/ => 500 for payload random-string-27-len-2789","POST /api/pmc/recyclers/ => 500 for payload random-string-28-len-4632","POST /api/pmc/recyclers/ => 500 for payload random-string-29-len-4886","POST /api/pmc/recyclers/ => 500 for payload random-string-30-len-2190","POST /api/pmc/recyclers/ => 500 for payload random-string-31-len-2394","POST /api/pmc/recyclers/ => 500 for payload random-string-32-len-4743","POST /api/pmc/recyclers/ => 500 for payload random-string-33-len-2322","POST /api/pmc/recyclers/ => 500 for payload random-string-34-len-3170","POST /api/pmc/recyclers/ => 500 for payload random-string-35-len-3285","POST /api/pmc/recyclers/ => 500 for payload random-string-36-len-1753","POST /api/pmc/recyclers/ => 500 for payload random-string-37-len-2266","POST /api/pmc/recyclers/ => 500 for payload random-string-38-len-4851","POST /api/pmc/recyclers/ => 500 for payload random-string-39-len-4739","POST /api/pmc/recyclers/ => 500 for payload random-string-40-len-3679","POST /api/pmc/recyclers/ => 500 for payload random-string-41-len-3027","POST /api/pmc/recyclers/ => 500 for payload random-string-42-len-7","POST /api/pmc/recyclers/ => 500 for payload random-string-43-len-2216","POST /api/pmc/recyclers/ => 500 for payload random-string-44-len-4691","POST /api/pmc/recyclers/ => 500 for payload random-string-45-len-2880","POST /api/pmc/recyclers/ => 500 for payload random-string-46-len-246","POST /api/pmc/recyclers/ => 500 for payload random-string-47-len-3484","POST /api/pmc/recyclers/ => 500 for payload random-string-48-len-4821","POST /api/pmc/recyclers/ => 500 for payload random-string-49-len-4802","POST /api/pmc/recyclers/ => 500 for payload random-string-50-len-174","POST /api/pmc/recyclers/ => 500 for payload special-characters","POST /api/pmc/recyclers/ => 500 for payload unicode-mixed","POST /api/pmc/recyclers/ => 500 for payload null-value","POST /api/pmc/recyclers/ => 500 for payload empty-array","POST /api/pmc/recyclers/ => 500 for payload empty-object","POST /api/pmc/recyclers/ => 500 for payload zero-number","POST /api/pmc/recyclers/ => 500 for payload negative-number","POST /api/pmc/recyclers/ => 500 for payload boolean-true","POST /api/pmc/recyclers/ => 500 for payload boolean-false","POST /api/pmc/recyclers/ => 500 for payload undefined-simulated"],"expected":[],"message":"expect(received).toEqual(expected) // deep equality\n\n- Expected  -   1\n+ Received  + 902\n\n- Array []\n+ Array [\n+   \"POST /api/pmc/applicant-detail/ => 500 for payload random-string-1-len-968\",\n+   \"POST /api/pmc/applicant-detail/ => 500 for payload random-string-2-len-4598\",\n+   \"POST /api/pmc/applicant-detail/ => 500 for payload random-string-3-len-3229\",\n+   \"POST /api/pmc/applicant-detail/ => 500 for payload random-string-4-len-1084\",\n+   \"POST /api/pmc/applicant-detail/ => 500 for payload random-string-5-len-1437\",\n+   \"POST /api/pmc/applicant-detail/ => 500 for payload random-string-6-len-930\",\n+   \"POST /api/pmc/applicant-detail/ => 500 for payload random-string-7-len-792\",\n+   \"POST /api/pmc/applicant-detail/ => 500 for payload random-string-8-len-4793\",\n+   \"POST /api/pmc/applicant-detail/ => 500 for payload random-string-9-len-4538\",\n+   \"POST /api/pmc/applicant-detail/ => 500 for payload random-string-10-len-2949\",\n+   \"POST /api/pmc/applicant-detail/ => 500 for payload random-string-11-len-2549\",\n+   \"POST /api/pmc/applicant-detail/ => 500 for payload random-string-12-len-253\",\n+   \"POST /api/pmc/applicant-detail/ => 500 for payload random-string-13-len-1403\",\n+   \"POST /api/pmc/applicant-detail/ => 500 for payload random-string-14-len-3756\",\n+   \"POST /api/pmc/applicant-detail/ => 500 for payload random-string-15-len-4678\",\n+   \"POST /api/pmc/applicant-detail/ => 500 for payload random-string-16-len-3209\",\n+   \"POST /api/pmc/applicant-detail/ => 500 for payload random-string-17-len-2874\",\n+   \"POST /api/pmc/applicant-detail/ => 500 for payload random-string-18-len-4576\",\n+   \"POST /api/pmc/applicant-detail/ => 500 for payload random-string-19-len-1874\",\n+   \"POST /api/pmc/applicant-detail/ => 500 for payload random-string-20-len-2585\",\n+   \"POST /api/pmc/applicant-detail/ => 500 for payload random-string-21-len-1540\",\n+   \"POST /api/pmc/applicant-detail/ => 500 for payload random-string-22-len-222\",\n+   \"POST /api/pmc/applicant-detail/ => 500 for payload random-string-23-len-2144\",\n+   \"POST /api/pmc/applicant-detail/ => 500 for payload random-string-24-len-3553\",\n+   \"POST /api/pmc/applicant-detail/ => 500 for payload random-string-25-len-4876\",\n+   \"POST /api/pmc/applicant-detail/ => 500 for payload random-string-26-len-3500\",\n+   \"POST /api/pmc/applicant-detail/ => 500 for payload random-string-27-len-2789\",\n+   \"POST /api/pmc/applicant-detail/ => 500 for payload random-string-28-len-4632\",\n+   \"POST /api/pmc/applicant-detail/ => 500 for payload random-string-29-len-4886\",\n+   \"POST /api/pmc/applicant-detail/ => 500 for payload random-string-30-len-2190\",\n+   \"POST /api/pmc/applicant-detail/ => 500 for payload random-string-31-len-2394\",\n+   \"POST /api/pmc/applicant-detail/ => 500 for payload random-string-32-len-4743\",\n+   \"POST /api/pmc/applicant-detail/ => 500 for payload random-string-33-len-2322\",\n+   \"POST /api/pmc/applicant-detail/ => 500 for payload random-string-34-len-3170\",\n+   \"POST /api/pmc/applicant-detail/ => 500 for payload random-string-35-len-3285\",\n+   \"POST /api/pmc/applicant-detail/ => 500 for payload random-string-36-len-1753\",\n+   \"POST /api/pmc/applicant-detail/ => 500 for payload random-string-37-len-2266\",\n+   \"POST /api/pmc/applicant-detail/ => 500 for payload random-string-38-len-4851\",\n+   \"POST /api/pmc/applicant-detail/ => 500 for payload random-string-39-len-4739\",\n+   \"POST /api/pmc/applicant-detail/ => 500 for payload random-string-40-len-3679\",\n+   \"POST /api/pmc/applicant-detail/ => 500 for payload random-string-41-len-3027\",\n+   \"POST /api/pmc/applicant-detail/ => 500 for payload random-string-42-len-7\",\n+   \"POST /api/pmc/applicant-detail/ => 500 for payload random-string-43-len-2216\",\n+   \"POST /api/pmc/applicant-detail/ => 500 for payload random-string-44-len-4691\",\n+   \"POST /api/pmc/applicant-detail/ => 500 for payload random-string-45-len-2880\",\n+   \"POST /api/pmc/applicant-detail/ => 500 for payload random-string-46-len-246\",\n+   \"POST /api/pmc/applicant-detail/ => 500 for payload random-string-47-len-3484\",\n+   \"POST /api/pmc/applicant-detail/ => 500 for payload random-string-48-len-4821\",\n+   \"POST /api/pmc/applicant-detail/ => 500 for payload random-string-49-len-4802\",\n+   \"POST /api/pmc/applicant-detail/ => 500 for payload random-string-50-len-174\",\n+   \"POST /api/pmc/applicant-detail/ => 500 for payload special-characters\",\n+   \"POST /api/pmc/applicant-detail/ => 500 for payload unicode-mixed\",\n+   \"POST /api/pmc/applicant-detail/ => 500 for payload null-value\",\n+   \"POST /api/pmc/applicant-detail/ => 500 for payload empty-array\",\n+   \"POST /api/pmc/applicant-detail/ => 500 for payload empty-object\",\n+   \"POST /api/pmc/applicant-detail/ => 500 for payload zero-number\",\n+   \"POST /api/pmc/applicant-detail/ => 500 for payload negative-number\",\n+   \"POST /api/pmc/applicant-detail/ => 500 for payload boolean-true\",\n+   \"POST /api/pmc/applicant-detail/ => 500 for payload boolean-false\",\n+   \"POST /api/pmc/applicant-detail/ => 500 for payload undefined-simulated\",\n+   \"POST /api/pmc/application-assignment/ => 500 for payload random-string-1-len-968\",\n+   \"POST /api/pmc/application-assignment/ => 500 for payload random-string-2-len-4598\",\n+   \"POST /api/pmc/application-assignment/ => 500 for payload random-string-3-len-3229\",\n+   \"POST /api/pmc/application-assignment/ => 500 for payload random-string-4-len-1084\",\n+   \"POST /api/pmc/application-assignment/ => 500 for payload random-string-5-len-1437\",\n+   \"POST /api/pmc/application-assignment/ => 500 for payload random-string-6-len-930\",\n+   \"POST /api/pmc/application-assignment/ => 500 for payload random-string-7-len-792\",\n+   \"POST /api/pmc/application-assignment/ => 500 for payload random-string-8-len-4793\",\n+   \"POST /api/pmc/application-assignment/ => 500 for payload random-string-9-len-4538\",\n+   \"POST /api/pmc/application-assignment/ => 500 for payload random-string-10-len-2949\",\n+   \"POST /api/pmc/application-assignment/ => 500 for payload random-string-11-len-2549\",\n+   \"POST /api/pmc/application-assignment/ => 500 for payload random-string-12-len-253\",\n+   \"POST /api/pmc/application-assignment/ => 500 for payload random-string-13-len-1403\",\n+   \"POST /api/pmc/application-assignment/ => 500 for payload random-string-14-len-3756\",\n+   \"POST /api/pmc/application-assignment/ => 500 for payload random-string-15-len-4678\",\n+   \"POST /api/pmc/application-assignment/ => 500 for payload random-string-16-len-3209\",\n+   \"POST /api/pmc/application-assignment/ => 500 for payload random-string-17-len-2874\",\n+   \"POST /api/pmc/application-assignment/ => 500 for payload random-string-18-len-4576\",\n+   \"POST /api/pmc/application-assignment/ => 500 for payload random-string-19-len-1874\",\n+   \"POST /api/pmc/application-assignment/ => 500 for payload random-string-20-len-2585\",\n+   \"POST /api/pmc/application-assignment/ => 500 for payload random-string-21-len-1540\",\n+   \"POST /api/pmc/application-assignment/ => 500 for payload random-string-22-len-222\",\n+   \"POST /api/pmc/application-assignment/ => 500 for payload random-string-23-len-2144\",\n+   \"POST /api/pmc/application-assignment/ => 500 for payload random-string-24-len-3553\",\n+   \"POST /api/pmc/application-assignment/ => 500 for payload random-string-25-len-4876\",\n+   \"POST /api/pmc/application-assignment/ => 500 for payload random-string-26-len-3500\",\n+   \"POST /api/pmc/application-assignment/ => 500 for payload random-string-27-len-2789\",\n+   \"POST /api/pmc/application-assignment/ => 500 for payload random-string-28-len-4632\",\n+   \"POST /api/pmc/application-assignment/ => 500 for payload random-string-29-len-4886\",\n+   \"POST /api/pmc/application-assignment/ => 500 for payload random-string-30-len-2190\",\n+   \"POST /api/pmc/application-assignment/ => 500 for payload random-string-31-len-2394\",\n+   \"POST /api/pmc/application-assignment/ => 500 for payload random-string-32-len-4743\",\n+   \"POST /api/pmc/application-assignment/ => 500 for payload random-string-33-len-2322\",\n+   \"POST /api/pmc/application-assignment/ => 500 for payload random-string-34-len-3170\",\n+   \"POST /api/pmc/application-assignment/ => 500 for payload random-string-35-len-3285\",\n+   \"POST /api/pmc/application-assignment/ => 500 for payload random-string-36-len-1753\",\n+   \"POST /api/pmc/application-assignment/ => 500 for payload random-string-37-len-2266\",\n+   \"POST /api/pmc/application-assignment/ => 500 for payload random-string-38-len-4851\",\n+   \"POST /api/pmc/application-assignment/ => 500 for payload random-string-39-len-4739\",\n+   \"POST /api/pmc/application-assignment/ => 500 for payload random-string-40-len-3679\",\n+   \"POST /api/pmc/application-assignment/ => 500 for payload random-string-41-len-3027\",\n+   \"POST /api/pmc/application-assignment/ => 500 for payload random-string-42-len-7\",\n+   \"POST /api/pmc/application-assignment/ => 500 for payload random-string-43-len-2216\",\n+   \"POST /api/pmc/application-assignment/ => 500 for payload random-string-44-len-4691\",\n+   \"POST /api/pmc/application-assignment/ => 500 for payload random-string-45-len-2880\",\n+   \"POST /api/pmc/application-assignment/ => 500 for payload random-string-46-len-246\",\n+   \"POST /api/pmc/application-assignment/ => 500 for payload random-string-47-len-3484\",\n+   \"POST /api/pmc/application-assignment/ => 500 for payload random-string-48-len-4821\",\n+   \"POST /api/pmc/application-assignment/ => 500 for payload random-string-49-len-4802\",\n+   \"POST /api/pmc/application-assignment/ => 500 for payload random-string-50-len-174\",\n+   \"POST /api/pmc/application-assignment/ => 500 for payload special-characters\",\n+   \"POST /api/pmc/application-assignment/ => 500 for payload unicode-mixed\",\n+   \"POST /api/pmc/application-assignment/ => 500 for payload null-value\",\n+   \"POST /api/pmc/application-assignment/ => 500 for payload empty-array\",\n+   \"POST /api/pmc/application-assignment/ => 500 for payload empty-object\",\n+   \"POST /api/pmc/application-assignment/ => 500 for payload zero-number\",\n+   \"POST /api/pmc/application-assignment/ => 500 for payload negative-number\",\n+   \"POST /api/pmc/application-assignment/ => 500 for payload boolean-true\",\n+   \"POST /api/pmc/application-assignment/ => 500 for payload boolean-false\",\n+   \"POST /api/pmc/application-assignment/ => 500 for payload undefined-simulated\",\n+   \"POST /api/pmc/business-profiles/ => 500 for payload random-string-1-len-968\",\n+   \"POST /api/pmc/business-profiles/ => 500 for payload random-string-2-len-4598\",\n+   \"POST /api/pmc/business-profiles/ => 500 for payload random-string-3-len-3229\",\n+   \"POST /api/pmc/business-profiles/ => 500 for payload random-string-4-len-1084\",\n+   \"POST /api/pmc/business-profiles/ => 500 for payload random-string-5-len-1437\",\n+   \"POST /api/pmc/business-profiles/ => 500 for payload random-string-6-len-930\",\n+   \"POST /api/pmc/business-profiles/ => 500 for payload random-string-7-len-792\",\n+   \"POST /api/pmc/business-profiles/ => 500 for payload random-string-8-len-4793\",\n+   \"POST /api/pmc/business-profiles/ => 500 for payload random-string-9-len-4538\",\n+   \"POST /api/pmc/business-profiles/ => 500 for payload random-string-10-len-2949\",\n+   \"POST /api/pmc/business-profiles/ => 500 for payload random-string-11-len-2549\",\n+   \"POST /api/pmc/business-profiles/ => 500 for payload random-string-12-len-253\",\n+   \"POST /api/pmc/business-profiles/ => 500 for payload random-string-13-len-1403\",\n+   \"POST /api/pmc/business-profiles/ => 500 for payload random-string-14-len-3756\",\n+   \"POST /api/pmc/business-profiles/ => 500 for payload random-string-15-len-4678\",\n+   \"POST /api/pmc/business-profiles/ => 500 for payload random-string-16-len-3209\",\n+   \"POST /api/pmc/business-profiles/ => 500 for payload random-string-17-len-2874\",\n+   \"POST /api/pmc/business-profiles/ => 500 for payload random-string-18-len-4576\",\n+   \"POST /api/pmc/business-profiles/ => 500 for payload random-string-19-len-1874\",\n+   \"POST /api/pmc/business-profiles/ => 500 for payload random-string-20-len-2585\",\n+   \"POST /api/pmc/business-profiles/ => 500 for payload random-string-21-len-1540\",\n+   \"POST /api/pmc/business-profiles/ => 500 for payload random-string-22-len-222\",\n+   \"POST /api/pmc/bu
[...]
7-len-2266\",\n    +   \"POST /api/pmc/recyclers/ => 500 for payload random-string-38-len-4851\",\n    +   \"POST /api/pmc/recyclers/ => 500 for payload random-string-39-len-4739\",\n    +   \"POST /api/pmc/recyclers/ => 500 for payload random-string-40-len-3679\",\n    +   \"POST /api/pmc/recyclers/ => 500 for payload random-string-41-len-3027\",\n    +   \"POST /api/pmc/recyclers/ => 500 for payload random-string-42-len-7\",\n    +   \"POST /api/pmc/recyclers/ => 500 for payload random-string-43-len-2216\",\n    +   \"POST /api/pmc/recyclers/ => 500 for payload random-string-44-len-4691\",\n    +   \"POST /api/pmc/recyclers/ => 500 for payload random-string-45-len-2880\",\n    +   \"POST /api/pmc/recyclers/ => 500 for payload random-string-46-len-246\",\n    +   \"POST /api/pmc/recyclers/ => 500 for payload random-string-47-len-3484\",\n    +   \"POST /api/pmc/recyclers/ => 500 for payload random-string-48-len-4821\",\n    +   \"POST /api/pmc/recyclers/ => 500 for payload random-string-49-len-4802\",\n    +   \"POST /api/pmc/recyclers/ => 500 for payload random-string-50-len-174\",\n    +   \"POST /api/pmc/recyclers/ => 500 for payload special-characters\",\n    +   \"POST /api/pmc/recyclers/ => 500 for payload unicode-mixed\",\n    +   \"POST /api/pmc/recyclers/ => 500 for payload null-value\",\n    +   \"POST /api/pmc/recyclers/ => 500 for payload empty-array\",\n    +   \"POST /api/pmc/recyclers/ => 500 for payload empty-object\",\n    +   \"POST /api/pmc/recyclers/ => 500 for payload zero-number\",\n    +   \"POST /api/pmc/recyclers/ => 500 for payload negative-number\",\n    +   \"POST /api/pmc/recyclers/ => 500 for payload boolean-true\",\n    +   \"POST /api/pmc/recyclers/ => 500 for payload boolean-false\",\n    +   \"POST /api/pmc/recyclers/ => 500 for payload undefined-simulated\",\n    + ]\n\n    \u001b[0m \u001b[90m 314 |\u001b[39m     }\n     \u001b[90m 315 |\u001b[39m\n    \u001b[31m\u001b[1m>\u001b[22m\u001b[39m\u001b[90m 316 |\u001b[39m     expect(failures)\u001b[33m.\u001b[39mtoEqual([])\n     \u001b[90m     |\u001b[39m                      \u001b[31m\u001b[1m^\u001b[22m\u001b[39m\n     \u001b[90m 317 |\u001b[39m   })\n     \u001b[90m 318 |\u001b[39m\n     \u001b[90m 319 |\u001b[39m   it(\u001b[32m'rejects unexpected HTTP methods on discovered routes (no 200/500)'\u001b[39m\u001b[33m,\u001b[39m \u001b[36masync\u001b[39m () \u001b[33m=>\u001b[39m {\u001b[0m\n\n      at Object.toEqual (tests/security/pentest-simulation.test.js:316:22)\n\n  ● S9 Penetration Test Simulation › rejects unexpected HTTP methods on discovered routes (no 200/500)\n\n    expect(received).toEqual(expected) // deep equality\n\n    - Expected  -   1\n    + Received  + 275\n\n    - Array []\n    + Array [\n    +   \"OPTIONS /api/accounts/admin/access-logs/ -> 200\",\n    +   \"HEAD /api/accounts/admin/access-logs/ -> 200\",\n    +   \"OPTIONS /api/accounts/admin/api-logs/ -> 200\",\n    +   \"HEAD /api/accounts/admin/api-logs/ -> 200\",\n    +   \"OPTIONS /api/accounts/admin/audit-logs/ -> 200\",\n    +   \"HEAD /api/accounts/admin/audit-logs/ -> 200\",\n    +   \"OPTIONS /api/accounts/admin/external-tokens/ -> 200\",\n    +   \"HEAD /api/accounts/admin/external-tokens/ -> 200\",\n    +   \"OPTIONS /api/accounts/admin/groups/ -> 200\",\n    +   \"HEAD /api/accounts/admin/groups/ -> 200\",\n    +   \"GET /api/accounts/admin/groups/ -> 200\",\n    +   \"OPTIONS /api/accounts/admin/permissions/ -> 200\",\n    +   \"HEAD /api/accounts/admin/permissions/ -> 200\",\n    +   \"OPTIONS /api/accounts/admin/service-configs/ -> 200\",\n    +   \"HEAD /api/accounts/admin/service-configs/ -> 200\",\n    +   \"GET /api/accounts/admin/service-configs/ -> 200\",\n    +   \"OPTIONS /api/accounts/admin/superadmins/ -> 200\",\n    +   \"HEAD /api/accounts/admin/superadmins/ -> 200\",\n    +   \"GET /api/accounts/admin/superadmins/ -> 200\",\n    +   \"OPTIONS /api/accounts/admin/users/ -> 200\",\n    +   \"HEAD /api/accounts/admin/users/ -> 200\",\n    +   \"OPTIONS /api/accounts/generate-captcha/ -> 200\",\n    +   \"HEAD /api/accounts/generate-captcha/ -> 200\",\n    +   \"OPTIONS /api/accounts/list-inspectors/ -> 200\",\n    +   \"OPTIONS /api/accounts/oauth/github/auth-url/ -> 200\",\n    +   \"HEAD /api/accounts/oauth/github/auth-url/ -> 200\",\n    +   \"OPTIONS /api/accounts/oauth/google/auth-url/ -> 200\",\n    +   \"HEAD /api/accounts/oauth/google/auth-url/ -> 200\",\n    +   \"PATCH /api/accounts/profile/ -> 200\",\n    +   \"OPTIONS /api/accounts/profile/ -> 200\",\n    +   \"HEAD /api/accounts/profile/ -> 200\",\n    +   \"OPTIONS /api/accounts/role-dashboard/ -> 200\",\n    +   \"HEAD /api/accounts/role-dashboard/ -> 200\",\n    +   \"OPTIONS /api/cache/health -> 200\",\n    +   \"HEAD /api/cache/health -> 200\",\n    +   \"OPTIONS /api/cache/stats -> 200\",\n    +   \"HEAD /api/cache/stats -> 200\",\n    +   \"OPTIONS /api/notification/count -> 200\",\n    +   \"HEAD /api/notification/count -> 200\",\n    +   \"OPTIONS /api/notification/list -> 200\",\n    +   \"HEAD /api/notification/list -> 200\",\n    +   \"OPTIONS /api/pmc/admin/alerts/all -> 200\",\n    +   \"OPTIONS /api/pmc/alerts -> 200\",\n    +   \"OPTIONS /api/pmc/alerts/507f1f77bcf86cd799439011 -> 200\",\n    +   \"DELETE /api/pmc/alerts/preferences -> 500\",\n    +   \"OPTIONS /api/pmc/alerts/preferences -> 200\",\n    +   \"HEAD /api/pmc/alerts/preferences -> 500\",\n    +   \"GET /api/pmc/alerts/preferences -> 500\",\n    +   \"DELETE /api/pmc/alerts/preferences -> 500\",\n    +   \"DELETE /api/pmc/alerts/statistics -> 500\",\n    +   \"OPTIONS /api/pmc/alerts/statistics -> 200\",\n    +   \"HEAD /api/pmc/alerts/statistics -> 500\",\n    +   \"GET /api/pmc/alerts/test -> 500\",\n    +   \"DELETE /api/pmc/alerts/test -> 500\",\n    +   \"DELETE /api/pmc/alerts/unread-count -> 500\",\n    +   \"OPTIONS /api/pmc/alerts/unread-count -> 200\",\n    +   \"OPTIONS /api/pmc/applicant-alerts/ -> 200\",\n    +   \"HEAD /api/pmc/applicant-alerts/ -> 200\",\n    +   \"OPTIONS /api/pmc/applicant-detail-main-do-list/ -> 200\",\n    +   \"OPTIONS /api/pmc/applicant-detail-main-list/ -> 200\",\n    +   \"HEAD /api/pmc/applicant-detail-main-list/ -> 200\",\n    +   \"POST /api/pmc/applicant-detail/ -> 500\",\n    +   \"OPTIONS /api/pmc/applicant-detail/ -> 200\",\n    +   \"HEAD /api/pmc/applicant-detail/ -> 200\",\n    +   \"GET /api/pmc/applicant-detail/ -> 200\",\n    +   \"DELETE /api/pmc/applicant-detail/507f1f77bcf86cd799439011/ -> 500\",\n    +   \"PATCH /api/pmc/applicant-detail/507f1f77bcf86cd799439011/ -> 500\",\n    +   \"OPTIONS /api/pmc/applicant-detail/507f1f77bcf86cd799439011/ -> 200\",\n    +   \"HEAD /api/pmc/applicant-detail/507f1f77bcf86cd799439011/ -> 500\",\n    +   \"OPTIONS /api/pmc/applicant-documents/ -> 200\",\n    +   \"HEAD /api/pmc/applicant-documents/ -> 200\",\n    +   \"GET /api/pmc/applicant-documents/ -> 200\",\n    +   \"OPTIONS /api/pmc/applicant-documents/507f1f77bcf86cd799439011/ -> 200\",\n    +   \"OPTIONS /api/pmc/applicant-location-public/ -> 200\",\n    +   \"HEAD /api/pmc/applicant-location-public/ -> 200\",\n    +   \"OPTIONS /api/pmc/applicant-statistics/ -> 200\",\n    +   \"HEAD /api/pmc/applicant-statistics/ -> 200\",\n    +   \"POST /api/pmc/application-assignment/ -> 500\",\n    +   \"OPTIONS /api/pmc/application-assignment/ -> 200\",\n    +   \"HEAD /api/pmc/application-assignment/ -> 200\",\n    +   \"GET /api/pmc/application-assignment/ -> 200\",\n    +   \"OPTIONS /api/pmc/application-assignment/507f1f77bcf86cd799439011/ -> 200\",\n    +   \"OPTIONS /api/pmc/application-assignment/by_applicant/ -> 200\",\n    +   \"POST /api/pmc/business-profiles/ -> 500\",\n    +   \"OPTIONS /api/pmc/business-profiles/ -> 200\",\n    +   \"HEAD /api/pmc/business-profiles/ -> 200\",\n    +   \"GET /api/pmc/business-profiles/ -> 200\",\n    +   \"OPTIONS /api/pmc/business-profiles/507f1f77bcf86cd799439011/ -> 200\",\n    +   \"OPTIONS /api/pmc/business-profiles/by_applicant/ -> 200\",\n    +   \"POST /api/pmc/by-products/ -> 500\",\n    +   \"OPTIONS /api/pmc/by-products/ -> 200\",\n    +   \"HEAD /api/pmc/by-products/ -> 200\",\n    +   \"GET /api/pmc/by-products/ -> 200\",\n    +   \"OPTIONS /api/pmc/by-products/507f1f77bcf86cd799439011/ -> 200\",\n    +   \"OPTIONS /api/pmc/chalan-pdf/ -> 200\",\n    +   \"OPTIONS /api/pmc/check-psid-payment/ -> 200\",\n    +   \"OPTIONS /api/pmc/check-psid-status/ -> 200\",\n    +   \"POST /api/pmc/collectors/ -> 500\",\n    +   \"OPTIONS /api/pmc/collectors/ -> 200\",\n    +   \"HEAD /api/pmc/collectors/ -> 200\",\n    +   \"GET /api/pmc/collectors/ -> 200\",\n    +   \"OPTIONS /api/pmc/collectors/507f1f77bcf86cd799439011/ -> 200\",\n    +   \"OPTIONS /api/pmc/competition/ -> 200\",\n    +   \"HEAD /api/pmc/competition/ -> 200\",\n    +   \"OPTIONS /api/pmc/competition/507f1f77bcf86cd799439011/registrations/507f1f77bcf86cd799439011/generate-label/ -> 200\",\n    +   \"OPTIONS /api/pmc/competition/507f1f77bcf86cd799439011 -> 200\",\n    +   \"OPTIONS /api/pmc/competition/courier-label/507f1f77bcf86cd799439011 -> 200\",\n    +   \"OPTIONS /api/pmc/competition/generate-label/ -> 200\",\n    +   \"HEAD /api/pmc/competition/generate-label/ -> 500\",\n    +   \"OPTIONS /api/pmc/competition/my/registrations -> 200\",\n    +   \"OPTIONS /api/pmc/competition/register/ -> 200\",\n    +   \"HEAD /api/pmc/competition/register/ -> 500\",\n    +   \"GET /api/pmc/competition/register/ -> 500\",\n    +   \"OPTIONS /api/pmc/competition/register/507f1f77bcf86cd799439011/ -> 200\",\n    +   \"OPTIONS /api/pmc/confiscation-lookup/ -> 200\",\n    +   \"HEAD /api/pmc/confiscation-lookup/ -> 200\",\n    +   \"POST /api/pmc/consumers/ -> 500\",\n    +   \"OPTIONS /api/pmc/consumers/ -> 200\",\n    +   \"HEAD /api/pmc/consumers/ -> 200\",\n    +   \"GET /api/pmc/consumers/ -> 200\",\n    +   \"OPTIONS /api/pmc/consumers/507f1f77bcf86cd799439011/ -> 200\",\n    +   \"OPTIONS /api/pmc/district-documents/ -> 200\",\n    +   \"HEAD /api/pmc/district-documents/ -> 200\",\n    +   \"GET /api/pmc/district-documents/ -> 200\",\n    +   \"OPTIONS /api/pmc/district-documents/507f1f77bcf86cd799439011/ -> 200\",\n    +   \"OPTIONS /api/pmc/DistrictByLatLon/ -> 200\",\n    +   \"OPTIONS /api/pmc/districts-public -> 200\",\n    +   \"HEAD /api/pmc/districts-public -> 200\",\n    +   \"OPTIONS /api/pmc/districts/ -> 200\",\n    +   \"HEAD /api/pmc/districts/ -> 200\",\n    +   \"OPTIONS /api/pmc/download_latest_document/ -> 200\",\n    +   \"OPTIONS /api/pmc/export-applicant/ -> 200\",\n    +   \"HEAD /api/pmc/export-applicant/ -> 200\",\n    +   \"OPTIONS /api/pmc/export/applicants-payment -> 200\",\n    +   \"OPTIONS /api/pmc/export/competitions -> 200\",\n    +   \"OPTIONS /api/pmc/export/courier-labels -> 200\",\n    +   \"OPTIONS /api/pmc/export/payments -> 200\",\n    +   \"OPTIONS /api/pmc/export/psid-tracking -> 200\",\n    +   \"OPTIONS /api/pmc/export/summary-report -> 200\",\n    +   \"HEAD /api/pmc/export/summary-report -> 200\",\n    +   \"OPTIONS /api/pmc/fetch-statistics-do-view-groups/ -> 200\",\n    +   \"OPTIONS /api/pmc/fetch-statistics-view-groups/ -> 200\",\n    +   \"HEAD /api/pmc/fetch-statistics-view-groups/ -> 200\",\n    +   \"POST /api/pmc/field-responses/ -> 500\",\n    +   \"OPTIONS /api/pmc/field-responses/ -> 200\",\n    +   \"HEAD /api/pmc/field-responses/ -> 200\",\n    +   \"GET /api/pmc/field-responses/ -> 200\",\n    +   \"OPTIONS /api/pmc/field-responses/507f1f77bcf86cd799439011/ -> 200\",\n    +   \"OPTIONS /api/pmc/fields/audit-log/507f1f77bcf86cd799439011 -> 200\",\n    +   \"OPTIONS /api/pmc/fields/completion-status -> 200\",\n    +   \"OPTIONS /api/pmc/fields/definitions -> 200\",\n    +   \"HEAD /api/pmc/fields/definitions -> 200\",\n    +   \"OPTIONS /api/pmc/fields/definitions/507f1f77bcf86cd799439011 -> 200\",\n    +   \"OPTIONS /api/pmc/fields/responses -> 200\",\n    +   \"OPTIONS /api/pmc/fields/sections -> 200\",\n    +   \"HEAD /api/pmc/fields/sections -> 200\",\n    +   \"OPTIONS /api/pmc/fields/sections/507f1f77bcf86cd799439011 -> 200\",\n    +   \"OPTIONS /api/pmc/generate-license-pdf/ -> 200\",\n    +   \"OPTIONS /api/pmc/generate-psid/ -> 200\",\n    +   \"OPTIONS /api/pmc/idm_clubs_geojson_all/ -> 200\",\n    +   \"HEAD /api/pmc/idm_clubs_geojson_all/ -> 200\",\n    +   \"OPTIONS /api/pmc/idm_clubs/all/ -> 200\",\n    +   \"HEAD /api/pmc/idm_clubs/all/ -> 200\",\n    +   \"OPTIONS /api/pmc/idm_districts-club-counts/ -> 200\",\n    +   \"HEAD /api/pmc/idm_districts-club-counts/ -> 200\",\n    +   \"OPTIONS /api/pmc/inspection-report-cached/ -> 200\",\n    +   \"HEAD /api/pmc/inspection-report-cached/ -> 200\",\n    +   \"GET /api/pmc/inspection-report-cached/ -> 200\",\n    +   \"OPTIONS /api/pmc/inspection-report-cached/507f1f77bcf86cd799439011/ -> 200\",\n    +   \"OPTIONS /api/pmc/inspection-report-cached/all_other_single_use_plastics/ -> 200\",\n    +   \"HEAD /api/pmc/inspection-report-cached/all_other_single_use_plastics/ -> 500\",\n    +   \"POST /api/pmc/inspection-report/ -> 500\",\n    +   \"OPTIONS /api/pmc/inspection-report/ -> 200\",\n    +   \"HEAD /api/pmc/inspection-report/ -> 200\",\n    +   \"GET /api/pmc/inspection-report/ -> 200\",\n    +   \"DELETE /api/pmc/inspection-report/507f1f77bcf86cd799439011/ -> 500\",\n    +   \"PATCH /api/pmc/inspection-report/507f1f77bcf86cd799439011/ -> 500\",\n    +   \"OPTIONS /api/pmc/inspection-report/507f1f77bcf86cd799439011/ -> 200\",\n    +   \"HEAD /api/pmc/inspection-report/507f1f77bcf86cd799439011/ -> 500\",\n    +   \"DELETE /api/pmc/inspection-report/district_summary/ -> 500\",\n    +   \"PATCH /api/pmc/inspection-report/district_summary/ -> 500\",\n    +   \"OPTIONS /api/pmc/inspection-report/district_summary/ -> 200\",\n    +   \"HEAD /api/pmc/inspection-report/district_summary/ -> 200\",\n    +   \"DELETE /api/pmc/inspection-report/export-all-inspections-excel/ -> 500\",\n    +   \"PATCH /api/pmc/inspection-report/export-all-inspections-excel/ -> 500\",\n    +   \"OPTIONS /api/pmc/inspection-report/export-all-inspections-excel/ -> 200\",\n    +   \"HEAD /api/pmc/inspection-report/export-all-inspections-excel/ -> 200\",\n    +   \"DELETE /api/pmc/inspection-report/export-all-inspections-pdf/ -> 500\",\n    +   \"PATCH /api/pmc/inspection-report/export-all-inspections-pdf/ -> 500\",\n    +   \"OPTIONS /api/pmc/inspection-report/export-all-inspections-pdf/ -> 200\",\n    +   \"HEAD /api/pmc/inspection-report/export-all-inspections-pdf/ -> 200\",\n    +   \"DELETE /api/pmc/inspection-report/export-district-summary-excel/ -> 500\",\n    +   \"PATCH /api/pmc/inspection-report/export-district-summary-excel/ -> 500\",\n    +   \"OPTIONS /api/pmc/inspection-report/export-district-summary-excel/ -> 200\",\n    +   \"HEAD /api/pmc/inspection-report/export-district-summary-excel/ -> 200\",\n    +   \"DELETE /api/pmc/inspection-report/export-district-summary-pdf/ -> 500\",\n    +   \"PATCH /api/pmc/inspection-report/export-district-summary-pdf/ -> 500\",\n    +   \"OPTIONS /api/pmc/inspection-report/export-district-summary-pdf/ -> 200\",\n    +   \"HEAD /api/pmc/inspection-report/export-district-summary-pdf/ -> 200\",\n    +   \"OPTIONS /api/pmc/license-by-user/ -> 200\",\n    +   \"HEAD /api/pmc/license-by-user/ -> 200\",\n    +   \"OPTIONS /api/pmc/license-eligibility/1 -> 200\",\n    +   \"HEAD /api/pmc/license-eligibility/1 -> 200\",\n    +   \"OPTIONS /api/pmc/license-pdf/ -> 200\",\n    +   \"POST /api/pmc/manual-fields/ -> 500\",\n    +   \"OPTIONS /api/pmc/manual-fields/ -> 200\",\n    +   \"HEAD /api/pmc/manual-fields/ -> 200\",\n    +   \"GET /api/pmc/manual-fields/ -> 200\",\n    +   \"OPTIONS /api/pmc/manual-fields/507f1f77bcf86cd799439011/ -> 200\",\n    +   \"OPTIONS /api/pmc/media/test-value/test-value/ -> 200\",\n    +   \"OPTIONS /api/pmc/media/test-value/test-value/test-value/ -> 200\",\n    +   \"OPTIONS /api/pmc/mis-applicant-statistics/ -> 200\",\n    +   \"HEAD /api/pmc/mis-applicant-statistics/ -> 200\",\n    +   \"OPTIONS /api/pmc/mis-district-plastic-stats/ -> 200\",\n    +   \"HEAD /api/pmc/mis-district-plastic-stats/ -> 200\",\n    +   \"OPTIONS /api/pmc/payment-history/1 -> 200\",\n    +   \"HEAD /api/pmc/payment-history/1 -> 200\",\n    +   \"OPTIONS /api/pmc/payment-status/1 -> 200\",\n    +   \"HEAD /api/pmc/payment-status/1 -> 200\",\n    +   \"GET /api/pmc/payment-status/1 -> 200\",\n    +   \"OPTIONS /api/pmc/payment-summary -> 200\",\n    +   \"HEAD /api/pmc/payment-summary -> 200\",\n    +   \"OPTIONS /api/pmc/ping/ -> 200\",\n    +   \"HEAD /api/pmc/ping/ -> 200\",\n    +   \"POST /api/pmc/plastic-items/ -> 500\",\n    +   \"OPTIONS /api/pmc/plastic-items/ -> 200\",\n    +   \"HEAD /api/pmc/plastic-items/ -> 200\",\n    +   \"GET /api/pmc/plastic-items/ -> 200\",\n    +   \"OPTIONS /api/pmc/plastic-items/507f1f77bcf86cd799439011/ -> 200\",\n    +   \"POST /api/pmc/plmis-token/ -> 500\",\n    +   \"OPTIONS /api/pmc/plmis-token/ -> 200\",\n    +   \"HEAD /api/pmc/plmis-token/ -> 500\",\n    +   \"GET /api/pmc/plmis-token/ -> 500\",\n    +   \"OPTIONS /api/pmc/plmis/health -> 200\",\n    +   \"HEAD /api/pmc/plmis/health -> 200\",\n    +   \"OPTIONS /api/pmc/plmis/receipt/test-value -> 200\",\n    +   \"OPTIONS /api/pmc/plmis/statistics -> 200\",\n    +   \"OPTIONS /api/pmc/plmis/status/test-value -> 200\",\n    +   \"POST /api/pmc/producers/ -> 500\",\n    +   \"OPTIONS /api/pmc/producers/ -> 200\",\n    +   \"HEAD /api/pmc/producers/ -> 200\",\n    +   \"GET /api/pmc/producers/ -> 200\",\n    +   \"OPTIONS /api/pmc/producers/507f1f77bcf86cd799439011/ -> 200\",\n    +   \"POST /api/pmc/products/ -> 500\",\n    +   \"OPTIONS /api/pmc/products/ -> 200\",\n    +   \"HEAD /api/pmc/products/ -> 200\",\n    +   \"GET /api/pmc/products/ -> 200\",\n    +   \"OPTIONS /api/pmc/products/507f1f77bcf86cd799439011/ -> 200\",\n    +   \"OPTIONS /api/pmc/psid-report/ -> 200\",\n    +   \"HEAD /api/pmc/psid-report/ -> 200\",\n    +   \"POST /api/pmc/raw-materials/ -> 500\",\n    +   \"OPTIONS /api/pmc/raw-materials/ -> 200\",\n    +   \"HEAD /api/pmc/raw-materials/ -> 200\",\n    +   \"GET /api/pmc/raw-materials/ -> 200\",\n    +   \"OPTIONS /api/pmc/raw-materials/507f1f77bcf86cd799439011/ -> 200\",\n    +   \"OPTIONS /api/pmc/receipt-pdf/ -> 200\",\n    +   \"POST /api/pmc/recyclers/ -> 500\",\n    +   \"OPTIONS /api/pmc/recyclers/ -> 200\",\n    +   \"HEAD /api/pmc/recyclers/ -> 200\",\n    +   \"GET /api/pmc/recyclers/ -> 200\",\n    +   \"OPTIONS /api/pmc/recyclers/507f1f77bcf86cd799439011/ -> 200\",\n    +   \"OPTIONS /api/pmc/report-fee/ -> 200\",\n    +   \"HEAD /api/pmc/report-fee/ -> 200\",\n    +   \"OPTIONS /api/pmc/report/ -> 200\",\n    +   \"HEAD /api/pmc/report/ -> 200\",\n    +   \"OPTIONS /api/pmc/tehsils/ -> 200\",\n    +   \"HEAD /api/pmc/tehsils/ -> 200\",\n    +   \"OPTIONS /api/pmc/track-application/ -> 200\",\n    +   \"OPTIONS /api/pmc/user-groups/ -> 200\",\n    +   \"HEAD /api/pmc/user-groups/ -> 200\",\n    +   \"OPTIONS /api/pmc/verify-chalan/ -> 200\",\n    +   \"OPTIONS /api/search/query -> 200\",\n    +   \"HEAD /api/search/query -> 200\",\n    + ]\n\n    \u001b[0m \u001b[90m 352 |\u001b[39m     }\n     \u001b[90m 353 |\u001b[39m\n    \u001b[31m\u001b[1m>\u001b[22m\u001b[39m\u001b[90m 354 |\u001b[39m     expect(tamperingFailures)\u001b[33m.\u001b[39mtoEqual([])\n     \u001b[90m     |\u001b[39m                               \u001b[31m\u001b[1m^\u001b[22m\u001b[39m\n     \u001b[90m 355 |\u001b[39m   })\n     \u001b[90m 356 |\u001b[39m\n     \u001b[90m 357 |\u001b[39m   it(\u001b[32m'keeps server responsive under light slow-loris simulation'\u001b[39m\u001b[33m,\u001b[39m \u001b[36masync\u001b[39m () \u001b[33m=>\u001b[39m {\u001b[0m\n\n      at Object.toEqual (tests/security/pentest-simulation.test.js:354:31)\n","name":"D:\\web temps\\PMC Working Project\\PMC Mernstack\\tests\\security\\pentest-simulation.test.js","startTime":1772618973499,"status":"failed","summary":""}],"wasInterrupted":false}
